2023-06-21 14:06:14.015 [INFO ] EcaApartmentCatalogApplication    [main]  c.e.c.EcaApartmentCatalogApplication Starting EcaApartmentCatalogApplication using Java 11.0.18 on LAPTOP-75BMVO9L with PID 36664 (D:\eca-apartment-management-solution\eca-apartment-catalog\target\classes started by MITALI in D:\eca-apartment-management-solution\eca-discovery)
2023-06-21 14:06:14.031 [INFO ] EcaApartmentCatalogApplication    [main]  c.e.c.EcaApartmentCatalogApplication The following 1 profile is active: "dev"
2023-06-21 14:06:15.722 [INFO ] RepositoryConfigurationDelegate    [main]  o.s.d.r.c.RepositoryConfigurationDelegate Bootstrapping Spring Data JPA repositories in DEFAULT mode.
2023-06-21 14:06:16.007 [INFO ] RepositoryConfigurationDelegate    [main]  o.s.d.r.c.RepositoryConfigurationDelegate Finished Spring Data repository scanning in 272 ms. Found 2 JPA repository interfaces.
2023-06-21 14:06:16.698 [INFO ] GenericScope    [main]  o.s.c.c.s.GenericScope BeanFactory id=04a0c80a-eb5b-3672-b6fa-53197a5fe93a
2023-06-21 14:06:18.260 [INFO ] TomcatWebServer    [main]  o.s.b.w.e.t.TomcatWebServer Tomcat initialized with port(s): 6092 (http)
2023-06-21 14:06:18.272 [INFO ] StandardService    [main]  o.a.c.c.StandardService Starting service [Tomcat]
2023-06-21 14:06:18.272 [INFO ] StandardEngine    [main]  o.a.c.c.StandardEngine Starting Servlet engine: [Apache Tomcat/9.0.74]
2023-06-21 14:06:18.579 [INFO ] [/]    [main]  o.a.c.c.C.[.[.[/] Initializing Spring embedded WebApplicationContext
2023-06-21 14:06:18.580 [INFO ] ServletWebServerApplicationContext    [main]  o.s.b.w.s.c.ServletWebServerApplicationContext Root WebApplicationContext: initialization completed in 4497 ms
2023-06-21 14:06:18.958 [INFO ] HikariDataSource    [main]  c.z.h.HikariDataSource HikariPool-1 - Starting...
2023-06-21 14:06:19.243 [INFO ] HikariDataSource    [main]  c.z.h.HikariDataSource HikariPool-1 - Start completed.
2023-06-21 14:06:19.259 [INFO ] H2ConsoleAutoConfiguration    [main]  o.s.b.a.h.H2ConsoleAutoConfiguration H2 console available at '/h2-console'. Database available at 'jdbc:h2:mem:ecausermgmt'
2023-06-21 14:06:19.990 [WARN ] ZipkinAutoConfiguration    [pool-2-thread-1]  o.s.c.s.a.z.ZipkinAutoConfiguration Check result of the [RestTemplateSender{http://localhost:9411/api/v2/spans}] contains an error [CheckResult{ok=false, error=org.springframework.web.client.ResourceAccessException: I/O error on POST request for "http://localhost:9411/api/v2/spans": Connection refused: connect; nested exception is java.net.ConnectException: Connection refused: connect}]
2023-06-21 14:06:21.100 [INFO ] LogHelper    [main]  o.h.j.i.u.LogHelper HHH000204: Processing PersistenceUnitInfo [name: default]
2023-06-21 14:06:21.171 [INFO ] Version    [main]  o.h.Version HHH000412: Hibernate ORM core version 5.6.15.Final
2023-06-21 14:06:21.450 [INFO ] Version    [main]  o.h.a.c.Version HCANN000001: Hibernate Commons Annotations {5.1.2.Final}
2023-06-21 14:06:21.616 [INFO ] Dialect    [main]  o.h.d.Dialect HHH000400: Using dialect: org.hibernate.dialect.H2Dialect
2023-06-21 14:06:22.701 [INFO ] JtaPlatformInitiator    [main]  o.h.e.t.j.p.i.JtaPlatformInitiator HHH000490: Using JtaPlatform implementation: [org.hibernate.engine.transaction.jta.platform.internal.NoJtaPlatform]
2023-06-21 14:06:23.738 [WARN ] JpaBaseConfiguration$JpaWebConfiguration    [main]  o.s.b.a.o.j.JpaBaseConfiguration$JpaWebConfiguration spring.jpa.open-in-view is enabled by default. Therefore, database queries may be performed during view rendering. Explicitly configure spring.jpa.open-in-view to disable this warning
2023-06-21 14:06:26.996 [INFO ] DiscoveryClientOptionalArgsConfiguration    [main]  o.s.c.n.e.c.DiscoveryClientOptionalArgsConfiguration Eureka HTTP Client uses RestTemplate.
2023-06-21 14:06:27.485 [WARN ] LoadBalancerCacheAutoConfiguration$LoadBalancerCaffeineWarnLogger    [main]  o.s.c.l.c.LoadBalancerCacheAutoConfiguration$LoadBalancerCaffeineWarnLogger Spring Cloud LoadBalancer is currently working with the default cache. While this cache implementation is useful for development and tests, it's recommended to use Caffeine cache in production.You can switch to using Caffeine cache, by adding it and org.springframework.cache.caffeine.CaffeineCacheManager to the classpath.
2023-06-21 14:06:27.558 [INFO ] EndpointLinksResolver    [main]  o.s.b.a.e.w.EndpointLinksResolver Exposing 17 endpoint(s) beneath base path '/actuator'
2023-06-21 14:06:27.622 [INFO ] TomcatWebServer    [main]  o.s.b.w.e.t.TomcatWebServer Tomcat started on port(s): 6092 (http) with context path ''
2023-06-21 14:06:27.961 [INFO ] EcaApartmentCatalogApplication    [main]  c.e.c.EcaApartmentCatalogApplication Started EcaApartmentCatalogApplication in 15.004 seconds (JVM running for 16.413)
2023-06-21 17:11:01.699 [WARN ] HikariPool    [HikariPool-1 housekeeper]  c.z.h.p.HikariPool HikariPool-1 - Thread starvation or clock leap detected (housekeeper delta=2h17m11s205ms114µs900ns).
2023-06-21 17:27:08.126 [WARN ] HikariPool    [HikariPool-1 housekeeper]  c.z.h.p.HikariPool HikariPool-1 - Thread starvation or clock leap detected (housekeeper delta=6m6s200ms930µs900ns).
2023-06-21 17:37:59.361 [INFO ] ZipkinAutoConfiguration    [Thread-3]  o.s.c.s.a.z.ZipkinAutoConfiguration Flushing remaining spans on shutdown
2023-06-21 17:37:59.989 [INFO ] SchemaDropperImpl$DelayedDropActionImpl    [SpringApplicationShutdownHook]  o.h.t.s.i.SchemaDropperImpl$DelayedDropActionImpl HHH000477: Starting delayed evictData of schema as part of SessionFactory shut-down'
2023-06-21 17:38:01.057 [INFO ] HikariDataSource    [SpringApplicationShutdownHook]  c.z.h.HikariDataSource HikariPool-1 - Shutdown initiated...
2023-06-21 17:38:01.076 [INFO ] HikariDataSource    [SpringApplicationShutdownHook]  c.z.h.HikariDataSource HikariPool-1 - Shutdown completed.
