2023-06-17 23:04:54.476 [INFO ] DevToolsPropertyDefaultsPostProcessor    [restartedMain]  o.s.b.d.e.DevToolsPropertyDefaultsPostProcessor Devtools property defaults active! Set 'spring.devtools.add-properties' to 'false' to disable
2023-06-17 23:04:55.003 [INFO ] ConfigServicePropertySourceLocator    [restartedMain]  o.s.c.c.c.ConfigServicePropertySourceLocator Fetching config from server at : http://localhost:8888
2023-06-17 23:04:55.076 [INFO ] ConfigServicePropertySourceLocator    [restartedMain]  o.s.c.c.c.ConfigServicePropertySourceLocator Connect Timeout Exception on Url - http://localhost:8888. Will be trying the next url if available
2023-06-17 23:04:55.076 [WARN ] ConfigServicePropertySourceLocator    [restartedMain]  o.s.c.c.c.ConfigServicePropertySourceLocator Could not locate PropertySource: I/O error on GET request for "http://localhost:8888/ecausermgmt/default": Connection refused: connect; nested exception is java.net.ConnectException: Connection refused: connect
2023-06-17 23:04:55.079 [INFO ] EcaUserManagementApplication    [restartedMain]  c.e.u.EcaUserManagementApplication The following 1 profile is active: "dev"
2023-06-17 23:04:56.674 [INFO ] RepositoryConfigurationDelegate    [restartedMain]  o.s.d.r.c.RepositoryConfigurationDelegate Multiple Spring Data modules found, entering strict repository configuration mode
2023-06-17 23:04:56.677 [INFO ] RepositoryConfigurationDelegate    [restartedMain]  o.s.d.r.c.RepositoryConfigurationDelegate Bootstrapping Spring Data JPA repositories in DEFAULT mode.
2023-06-17 23:04:56.864 [INFO ] RepositoryConfigurationDelegate    [restartedMain]  o.s.d.r.c.RepositoryConfigurationDelegate Finished Spring Data repository scanning in 174 ms. Found 6 JPA repository interfaces.
2023-06-17 23:04:56.886 [INFO ] RepositoryConfigurationDelegate    [restartedMain]  o.s.d.r.c.RepositoryConfigurationDelegate Multiple Spring Data modules found, entering strict repository configuration mode
2023-06-17 23:04:56.888 [INFO ] RepositoryConfigurationDelegate    [restartedMain]  o.s.d.r.c.RepositoryConfigurationDelegate Bootstrapping Spring Data Redis repositories in DEFAULT mode.
2023-06-17 23:04:56.920 [INFO ] RepositoryConfigurationExtensionSupport    [restartedMain]  o.s.d.r.c.RepositoryConfigurationExtensionSupport Spring Data Redis - Could not safely identify store assignment for repository candidate interface com.eca.usermgmt.repository.OwnerRepository; If you want this repository to be a Redis repository, consider annotating your entities with one of these annotations: org.springframework.data.redis.core.RedisHash (preferred), or consider extending one of the following types with your repository: org.springframework.data.keyvalue.repository.KeyValueRepository
2023-06-17 23:04:56.921 [INFO ] RepositoryConfigurationExtensionSupport    [restartedMain]  o.s.d.r.c.RepositoryConfigurationExtensionSupport Spring Data Redis - Could not safely identify store assignment for repository candidate interface com.eca.usermgmt.repository.PermissionRepository; If you want this repository to be a Redis repository, consider annotating your entities with one of these annotations: org.springframework.data.redis.core.RedisHash (preferred), or consider extending one of the following types with your repository: org.springframework.data.keyvalue.repository.KeyValueRepository
2023-06-17 23:04:56.923 [INFO ] RepositoryConfigurationExtensionSupport    [restartedMain]  o.s.d.r.c.RepositoryConfigurationExtensionSupport Spring Data Redis - Could not safely identify store assignment for repository candidate interface com.eca.usermgmt.repository.RoleRepository; If you want this repository to be a Redis repository, consider annotating your entities with one of these annotations: org.springframework.data.redis.core.RedisHash (preferred), or consider extending one of the following types with your repository: org.springframework.data.keyvalue.repository.KeyValueRepository
2023-06-17 23:04:56.923 [INFO ] RepositoryConfigurationExtensionSupport    [restartedMain]  o.s.d.r.c.RepositoryConfigurationExtensionSupport Spring Data Redis - Could not safely identify store assignment for repository candidate interface com.eca.usermgmt.repository.TenantsRepository; If you want this repository to be a Redis repository, consider annotating your entities with one of these annotations: org.springframework.data.redis.core.RedisHash (preferred), or consider extending one of the following types with your repository: org.springframework.data.keyvalue.repository.KeyValueRepository
2023-06-17 23:04:56.924 [INFO ] RepositoryConfigurationExtensionSupport    [restartedMain]  o.s.d.r.c.RepositoryConfigurationExtensionSupport Spring Data Redis - Could not safely identify store assignment for repository candidate interface com.eca.usermgmt.repository.UserRepository; If you want this repository to be a Redis repository, consider annotating your entities with one of these annotations: org.springframework.data.redis.core.RedisHash (preferred), or consider extending one of the following types with your repository: org.springframework.data.keyvalue.repository.KeyValueRepository
2023-06-17 23:04:56.925 [INFO ] RepositoryConfigurationExtensionSupport    [restartedMain]  o.s.d.r.c.RepositoryConfigurationExtensionSupport Spring Data Redis - Could not safely identify store assignment for repository candidate interface com.eca.usermgmt.repository.VendorRepository; If you want this repository to be a Redis repository, consider annotating your entities with one of these annotations: org.springframework.data.redis.core.RedisHash (preferred), or consider extending one of the following types with your repository: org.springframework.data.keyvalue.repository.KeyValueRepository
2023-06-17 23:04:56.926 [INFO ] RepositoryConfigurationDelegate    [restartedMain]  o.s.d.r.c.RepositoryConfigurationDelegate Finished Spring Data repository scanning in 16 ms. Found 0 Redis repository interfaces.
2023-06-17 23:04:57.537 [INFO ] GenericScope    [restartedMain]  o.s.c.c.s.GenericScope BeanFactory id=bf4491f3-c2d4-34ca-b434-c17efa01f38e
2023-06-17 23:04:57.996 [INFO ] PostProcessorRegistrationDelegate$BeanPostProcessorChecker    [restartedMain]  o.s.c.s.PostProcessorRegistrationDelegate$BeanPostProcessorChecker Bean 'methodSecurityConfiguration' of type [com.eca.usermgmt.config.MethodSecurityConfiguration$$EnhancerBySpringCGLIB$$c4f776d4] is not eligible for getting processed by all BeanPostProcessors (for example: not eligible for auto-proxying)
2023-06-17 23:04:58.025 [INFO ] PostProcessorRegistrationDelegate$BeanPostProcessorChecker    [restartedMain]  o.s.c.s.PostProcessorRegistrationDelegate$BeanPostProcessorChecker Bean 'customPermissionEvaluator' of type [com.eca.usermgmt.permission.CustomPermissionEvaluator] is not eligible for getting processed by all BeanPostProcessors (for example: not eligible for auto-proxying)
2023-06-17 23:04:59.028 [INFO ] TomcatWebServer    [restartedMain]  o.s.b.w.e.t.TomcatWebServer Tomcat initialized with port(s): 6090 (http)
2023-06-17 23:04:59.035 [INFO ] StandardService    [restartedMain]  o.a.c.c.StandardService Starting service [Tomcat]
2023-06-17 23:04:59.035 [INFO ] StandardEngine    [restartedMain]  o.a.c.c.StandardEngine Starting Servlet engine: [Apache Tomcat/9.0.74]
2023-06-17 23:04:59.161 [INFO ] [/]    [restartedMain]  o.a.c.c.C.[.[.[/] Initializing Spring embedded WebApplicationContext
2023-06-17 23:04:59.161 [INFO ] ServletWebServerApplicationContext    [restartedMain]  o.s.b.w.s.c.ServletWebServerApplicationContext Root WebApplicationContext: initialization completed in 4056 ms
2023-06-17 23:04:59.618 [INFO ] HikariDataSource    [restartedMain]  c.z.h.HikariDataSource HikariPool-1 - Starting...
2023-06-17 23:04:59.862 [INFO ] HikariDataSource    [restartedMain]  c.z.h.HikariDataSource HikariPool-1 - Start completed.
2023-06-17 23:04:59.872 [INFO ] H2ConsoleAutoConfiguration    [restartedMain]  o.s.b.a.h.H2ConsoleAutoConfiguration H2 console available at '/h2-console'. Database available at 'jdbc:h2:mem:ecausermgmt'
2023-06-17 23:05:00.591 [WARN ] ZipkinAutoConfiguration    [pool-1-thread-1]  o.s.c.s.a.z.ZipkinAutoConfiguration Check result of the [RestTemplateSender{http://localhost:9411/api/v2/spans}] contains an error [CheckResult{ok=false, error=org.springframework.web.client.ResourceAccessException: I/O error on POST request for "http://localhost:9411/api/v2/spans": Connection refused: connect; nested exception is java.net.ConnectException: Connection refused: connect}]
2023-06-17 23:05:01.969 [INFO ] LogHelper    [restartedMain]  o.h.j.i.u.LogHelper HHH000204: Processing PersistenceUnitInfo [name: default]
2023-06-17 23:05:02.021 [INFO ] Version    [restartedMain]  o.h.Version HHH000412: Hibernate ORM core version 5.6.15.Final
2023-06-17 23:05:02.193 [INFO ] Version    [restartedMain]  o.h.a.c.Version HCANN000001: Hibernate Commons Annotations {5.1.2.Final}
2023-06-17 23:05:02.334 [INFO ] Dialect    [restartedMain]  o.h.d.Dialect HHH000400: Using dialect: org.hibernate.dialect.H2Dialect
2023-06-17 23:05:03.220 [INFO ] JtaPlatformInitiator    [restartedMain]  o.h.e.t.j.p.i.JtaPlatformInitiator HHH000490: Using JtaPlatform implementation: [org.hibernate.engine.transaction.jta.platform.internal.NoJtaPlatform]
2023-06-17 23:05:04.852 [WARN ] JpaBaseConfiguration$JpaWebConfiguration    [restartedMain]  o.s.b.a.o.j.JpaBaseConfiguration$JpaWebConfiguration spring.jpa.open-in-view is enabled by default. Therefore, database queries may be performed during view rendering. Explicitly configure spring.jpa.open-in-view to disable this warning
2023-06-17 23:05:04.929 [WARN ] OptionalLiveReloadServer    [restartedMain]  o.s.b.d.a.OptionalLiveReloadServer Unable to start LiveReload server
2023-06-17 23:05:05.661 [INFO ] DefaultSecurityFilterChain    [restartedMain]  o.s.s.w.DefaultSecurityFilterChain Will secure any request with [org.springframework.security.web.session.DisableEncodeUrlFilter@70fd5188, org.springframework.security.web.context.request.async.WebAsyncManagerIntegrationFilter@1acd013e, org.springframework.security.web.context.SecurityContextPersistenceFilter@166c8d07, org.springframework.security.web.header.HeaderWriterFilter@3c4a236f, org.springframework.security.web.authentication.logout.LogoutFilter@192bbb7d, com.eca.usermgmt.filter.RequestTokenFilter@784291e6, org.springframework.security.web.savedrequest.RequestCacheAwareFilter@689553cb, org.springframework.security.web.servletapi.SecurityContextHolderAwareRequestFilter@31769415, org.springframework.security.web.authentication.AnonymousAuthenticationFilter@4a5f2074, org.springframework.security.web.session.SessionManagementFilter@388690e0, org.springframework.security.web.access.ExceptionTranslationFilter@57785a5f, org.springframework.security.web.access.intercept.FilterSecurityInterceptor@3c770407]
2023-06-17 23:05:05.684 [WARN ] WebSecurity    [restartedMain]  o.s.s.c.a.w.b.WebSecurity You are asking Spring Security to ignore Ant [pattern='/swagger-ui/**']. This is not recommended -- please use permitAll via HttpSecurity#authorizeHttpRequests instead.
2023-06-17 23:05:05.684 [INFO ] DefaultSecurityFilterChain    [restartedMain]  o.s.s.w.DefaultSecurityFilterChain Will not secure Ant [pattern='/swagger-ui/**']
2023-06-17 23:05:05.685 [WARN ] WebSecurity    [restartedMain]  o.s.s.c.a.w.b.WebSecurity You are asking Spring Security to ignore Ant [pattern='/swagger-ui.html/**']. This is not recommended -- please use permitAll via HttpSecurity#authorizeHttpRequests instead.
2023-06-17 23:05:05.685 [INFO ] DefaultSecurityFilterChain    [restartedMain]  o.s.s.w.DefaultSecurityFilterChain Will not secure Ant [pattern='/swagger-ui.html/**']
2023-06-17 23:05:05.686 [WARN ] WebSecurity    [restartedMain]  o.s.s.c.a.w.b.WebSecurity You are asking Spring Security to ignore Ant [pattern='/webjars/**']. This is not recommended -- please use permitAll via HttpSecurity#authorizeHttpRequests instead.
2023-06-17 23:05:05.686 [INFO ] DefaultSecurityFilterChain    [restartedMain]  o.s.s.w.DefaultSecurityFilterChain Will not secure Ant [pattern='/webjars/**']
2023-06-17 23:05:05.686 [WARN ] WebSecurity    [restartedMain]  o.s.s.c.a.w.b.WebSecurity You are asking Spring Security to ignore Ant [pattern='/swagger-resources/**']. This is not recommended -- please use permitAll via HttpSecurity#authorizeHttpRequests instead.
2023-06-17 23:05:05.686 [INFO ] DefaultSecurityFilterChain    [restartedMain]  o.s.s.w.DefaultSecurityFilterChain Will not secure Ant [pattern='/swagger-resources/**']
2023-06-17 23:05:05.686 [WARN ] WebSecurity    [restartedMain]  o.s.s.c.a.w.b.WebSecurity You are asking Spring Security to ignore Ant [pattern='/v2/api-docs/**']. This is not recommended -- please use permitAll via HttpSecurity#authorizeHttpRequests instead.
2023-06-17 23:05:05.687 [INFO ] DefaultSecurityFilterChain    [restartedMain]  o.s.s.w.DefaultSecurityFilterChain Will not secure Ant [pattern='/v2/api-docs/**']
2023-06-17 23:05:05.687 [WARN ] WebSecurity    [restartedMain]  o.s.s.c.a.w.b.WebSecurity You are asking Spring Security to ignore Ant [pattern='/swagger-resources/configuration/ui/**']. This is not recommended -- please use permitAll via HttpSecurity#authorizeHttpRequests instead.
2023-06-17 23:05:05.687 [INFO ] DefaultSecurityFilterChain    [restartedMain]  o.s.s.w.DefaultSecurityFilterChain Will not secure Ant [pattern='/swagger-resources/configuration/ui/**']
2023-06-17 23:05:05.687 [WARN ] WebSecurity    [restartedMain]  o.s.s.c.a.w.b.WebSecurity You are asking Spring Security to ignore Ant [pattern='/swagger-resources/configuration/security/**']. This is not recommended -- please use permitAll via HttpSecurity#authorizeHttpRequests instead.
2023-06-17 23:05:05.687 [INFO ] DefaultSecurityFilterChain    [restartedMain]  o.s.s.w.DefaultSecurityFilterChain Will not secure Ant [pattern='/swagger-resources/configuration/security/**']
2023-06-17 23:05:05.687 [WARN ] WebSecurity    [restartedMain]  o.s.s.c.a.w.b.WebSecurity You are asking Spring Security to ignore Ant [pattern='/images/**']. This is not recommended -- please use permitAll via HttpSecurity#authorizeHttpRequests instead.
2023-06-17 23:05:05.688 [INFO ] DefaultSecurityFilterChain    [restartedMain]  o.s.s.w.DefaultSecurityFilterChain Will not secure Ant [pattern='/images/**']
2023-06-17 23:05:05.688 [WARN ] WebSecurity    [restartedMain]  o.s.s.c.a.w.b.WebSecurity You are asking Spring Security to ignore Ant [pattern='/h2-console/**']. This is not recommended -- please use permitAll via HttpSecurity#authorizeHttpRequests instead.
2023-06-17 23:05:05.688 [INFO ] DefaultSecurityFilterChain    [restartedMain]  o.s.s.w.DefaultSecurityFilterChain Will not secure Ant [pattern='/h2-console/**']
2023-06-17 23:05:08.881 [INFO ] DiscoveryClientOptionalArgsConfiguration    [restartedMain]  o.s.c.n.e.c.DiscoveryClientOptionalArgsConfiguration Eureka HTTP Client uses RestTemplate.
2023-06-17 23:05:09.857 [WARN ] LoadBalancerCacheAutoConfiguration$LoadBalancerCaffeineWarnLogger    [restartedMain]  o.s.c.l.c.LoadBalancerCacheAutoConfiguration$LoadBalancerCaffeineWarnLogger Spring Cloud LoadBalancer is currently working with the default cache. While this cache implementation is useful for development and tests, it's recommended to use Caffeine cache in production.You can switch to using Caffeine cache, by adding it and org.springframework.cache.caffeine.CaffeineCacheManager to the classpath.
2023-06-17 23:05:10.032 [INFO ] EndpointLinksResolver    [restartedMain]  o.s.b.a.e.w.EndpointLinksResolver Exposing 25 endpoint(s) beneath base path '/actuator'
2023-06-17 23:05:10.149 [INFO ] TomcatWebServer    [restartedMain]  o.s.b.w.e.t.TomcatWebServer Tomcat started on port(s): 6090 (http) with context path ''
2023-06-17 23:05:10.531 [INFO ] EcaUserManagementApplication    [restartedMain]  c.e.u.EcaUserManagementApplication Started EcaUserManagementApplication in 16.652 seconds (JVM running for 17.83)
2023-06-17 23:05:10.649 [INFO ] PermissionServiceImpl    [restartedMain]  c.e.u.s.i.PermissionServiceImpl PermissionServiceImpl::createPermissionIfNotFound null
2023-06-17 23:05:10.712 [INFO ] PermissionServiceImpl    [restartedMain]  c.e.u.s.i.PermissionServiceImpl PermissionServiceImpl::createPermissionIfNotFound null
2023-06-17 23:05:10.716 [INFO ] PermissionServiceImpl    [restartedMain]  c.e.u.s.i.PermissionServiceImpl PermissionServiceImpl::createPermissionIfNotFound null
2023-06-17 23:05:10.719 [INFO ] PermissionServiceImpl    [restartedMain]  c.e.u.s.i.PermissionServiceImpl PermissionServiceImpl::createPermissionIfNotFound null
2023-06-17 23:05:10.767 [INFO ] CreateUserUtil    [restartedMain]  c.e.u.u.CreateUserUtil $2a$10$JCKSC6A2kuaQVAYYzslGH.XVS3EaSwE7slnfpHklfc2S18MHiUt/O
2023-06-17 23:05:10.776 [INFO ] RoleServiceImpl    [restartedMain]  c.e.u.s.i.RoleServiceImpl RoleServiceImpl::createIfNotFound null 
2023-06-17 23:05:10.879 [INFO ] CreateUserUtil    [restartedMain]  c.e.u.u.CreateUserUtil User Details User(id=7, createdOn=2023-06-17T23:05:10.876798300, updatedOn=2023-06-17T23:05:10.876798300, version=0, username=vishabsingh@gmail.com, password=$2a$10$JCKSC6A2kuaQVAYYzslGH.XVS3EaSwE7slnfpHklfc2S18MHiUt/O, owner=Owner(id=6, type=null), tenant=null, vendor=null, userPhoneNumber=9590319707, roles=[com.eca.usermgmt.entity.Role@4da882a0], accountNonExpired=true, accountNonLocked=true, credentialsNonExpired=true, enabled=true) 
2023-06-17 23:07:35.083 [INFO ] [/] 2d68e8f1868cb353   [http-nio-6090-exec-1]  o.a.c.c.C.[.[.[/] Initializing Spring DispatcherServlet 'dispatcherServlet'
2023-06-17 23:07:35.093 [INFO ] RequestTokenFilter 2d68e8f1868cb353   [http-nio-6090-exec-1]  c.e.u.f.RequestTokenFilter RequestTokenFilter:: doFilterInternal authorizationHeader null
2023-06-17 23:07:35.163 [INFO ] RequestTokenFilter 7a1cdbfa1e96d939   [http-nio-6090-exec-2]  c.e.u.f.RequestTokenFilter RequestTokenFilter:: doFilterInternal authorizationHeader null
2023-06-17 23:07:35.164 [INFO ] RequestTokenFilter 4c8a57b95a1ffa64   [http-nio-6090-exec-3]  c.e.u.f.RequestTokenFilter RequestTokenFilter:: doFilterInternal authorizationHeader null
2023-06-17 23:07:35.166 [INFO ] RequestTokenFilter 3d24773d15358368   [http-nio-6090-exec-5]  c.e.u.f.RequestTokenFilter RequestTokenFilter:: doFilterInternal authorizationHeader null
2023-06-17 23:07:35.166 [INFO ] RequestTokenFilter 1b0934b961c6a931   [http-nio-6090-exec-4]  c.e.u.f.RequestTokenFilter RequestTokenFilter:: doFilterInternal authorizationHeader null
2023-06-17 23:07:35.167 [INFO ] RequestTokenFilter 684d3755fb390699   [http-nio-6090-exec-6]  c.e.u.f.RequestTokenFilter RequestTokenFilter:: doFilterInternal authorizationHeader null
2023-06-17 23:07:35.368 [INFO ] RequestTokenFilter 95b8364486c66b11   [http-nio-6090-exec-7]  c.e.u.f.RequestTokenFilter RequestTokenFilter:: doFilterInternal authorizationHeader null
2023-06-17 23:07:35.452 [INFO ] RequestTokenFilter 6ceef811164c593b   [http-nio-6090-exec-8]  c.e.u.f.RequestTokenFilter RequestTokenFilter:: doFilterInternal authorizationHeader null
2023-06-17 23:07:35.881 [INFO ] AbstractOpenApiResource 6ceef811164c593b   [http-nio-6090-exec-8]  o.s.a.AbstractOpenApiResource Init duration for springdoc-openapi is: 414 ms
2023-06-17 23:07:36.424 [WARN ] AsyncReporter$BoundedAsyncReporter    [AsyncReporter{RestTemplateSender{http://localhost:9411/api/v2/spans}}]  z.r.AsyncReporter$BoundedAsyncReporter Spans were dropped due to exceptions. All subsequent errors will be logged at FINE level.
2023-06-17 23:07:36.428 [WARN ] AsyncReporter$BoundedAsyncReporter    [AsyncReporter{RestTemplateSender{http://localhost:9411/api/v2/spans}}]  z.r.AsyncReporter$BoundedAsyncReporter Dropped 2 spans due to ResourceAccessException(I/O error on POST request for "http://localhost:9411/api/v2/spans": Connection refused: connect; nested exception is java.net.ConnectException: Connection refused: connect)
org.springframework.web.client.ResourceAccessException: I/O error on POST request for "http://localhost:9411/api/v2/spans": Connection refused: connect; nested exception is java.net.ConnectException: Connection refused: connect
	at org.springframework.web.client.RestTemplate.doExecute(RestTemplate.java:791)
	at org.springframework.cloud.sleuth.zipkin2.ZipkinRestTemplateWrapper.doExecute(ZipkinRestTemplateWrapper.java:67)
	at org.springframework.web.client.RestTemplate.exchange(RestTemplate.java:666)
	at org.springframework.cloud.sleuth.zipkin2.RestTemplateSender.post(RestTemplateSender.java:51)
	at org.springframework.cloud.sleuth.zipkin2.RestTemplateSender.lambda$new$0(RestTemplateSender.java:44)
	at org.springframework.cloud.sleuth.zipkin2.HttpSender.post(HttpSender.java:137)
	at org.springframework.cloud.sleuth.zipkin2.HttpSender$HttpPostCall.doExecute(HttpSender.java:150)
	at org.springframework.cloud.sleuth.zipkin2.HttpSender$HttpPostCall.doExecute(HttpSender.java:140)
	at zipkin2.Call$Base.execute(Call.java:391)
	at zipkin2.reporter.AsyncReporter$BoundedAsyncReporter.flush(AsyncReporter.java:299)
	at zipkin2.reporter.AsyncReporter$Flusher.run(AsyncReporter.java:378)
	at java.base/java.lang.Thread.run(Thread.java:834)
Caused by: java.net.ConnectException: Connection refused: connect
	at java.base/java.net.PlainSocketImpl.waitForConnect(Native Method)
	at java.base/java.net.PlainSocketImpl.socketConnect(PlainSocketImpl.java:107)
	at java.base/java.net.AbstractPlainSocketImpl.doConnect(AbstractPlainSocketImpl.java:412)
	at java.base/java.net.AbstractPlainSocketImpl.connectToAddress(AbstractPlainSocketImpl.java:255)
	at java.base/java.net.AbstractPlainSocketImpl.connect(AbstractPlainSocketImpl.java:237)
	at java.base/java.net.Socket.connect(Socket.java:608)
	at java.base/sun.net.NetworkClient.doConnect(NetworkClient.java:177)
	at java.base/sun.net.www.http.HttpClient.openServer(HttpClient.java:508)
	at java.base/sun.net.www.http.HttpClient.openServer(HttpClient.java:603)
	at java.base/sun.net.www.http.HttpClient.<init>(HttpClient.java:276)
	at java.base/sun.net.www.http.HttpClient.New(HttpClient.java:375)
	at java.base/sun.net.www.http.HttpClient.New(HttpClient.java:396)
	at java.base/sun.net.www.protocol.http.HttpURLConnection.getNewHttpClient(HttpURLConnection.java:1253)
	at java.base/sun.net.www.protocol.http.HttpURLConnection.plainConnect0(HttpURLConnection.java:1187)
	at java.base/sun.net.www.protocol.http.HttpURLConnection.plainConnect(HttpURLConnection.java:1081)
	at java.base/sun.net.www.protocol.http.HttpURLConnection.connect(HttpURLConnection.java:1015)
	at org.springframework.http.client.SimpleBufferingClientHttpRequest.executeInternal(SimpleBufferingClientHttpRequest.java:76)
	at org.springframework.http.client.AbstractBufferingClientHttpRequest.executeInternal(AbstractBufferingClientHttpRequest.java:48)
	at org.springframework.http.client.AbstractClientHttpRequest.execute(AbstractClientHttpRequest.java:66)
	at org.springframework.web.client.RestTemplate.doExecute(RestTemplate.java:782)
	... 11 common frames omitted
2023-06-17 23:13:48.947 [INFO ] ZipkinAutoConfiguration    [Thread-7]  o.s.c.s.a.z.ZipkinAutoConfiguration Flushing remaining spans on shutdown
2023-06-17 23:13:49.284 [INFO ] SchemaDropperImpl$DelayedDropActionImpl    [SpringApplicationShutdownHook]  o.h.t.s.i.SchemaDropperImpl$DelayedDropActionImpl HHH000477: Starting delayed evictData of schema as part of SessionFactory shut-down'
2023-06-17 23:13:49.500 [WARN ] DisposableBeanAdapter    [SpringApplicationShutdownHook]  o.s.b.f.s.DisposableBeanAdapter Invocation of destroy method failed on bean with name 'inMemoryDatabaseShutdownExecutor': org.h2.jdbc.JdbcSQLNonTransientConnectionException: Database is already closed (to disable automatic closing at VM shutdown, add ";DB_CLOSE_ON_EXIT=FALSE" to the db URL) [90121-214]
2023-06-17 23:13:50.507 [INFO ] HikariDataSource    [SpringApplicationShutdownHook]  c.z.h.HikariDataSource HikariPool-1 - Shutdown initiated...
2023-06-17 23:13:50.510 [INFO ] HikariDataSource    [SpringApplicationShutdownHook]  c.z.h.HikariDataSource HikariPool-1 - Shutdown completed.
2023-06-17 23:20:43.040 [INFO ] DevToolsPropertyDefaultsPostProcessor    [restartedMain]  o.s.b.d.e.DevToolsPropertyDefaultsPostProcessor Devtools property defaults active! Set 'spring.devtools.add-properties' to 'false' to disable
2023-06-17 23:20:43.590 [INFO ] ConfigServicePropertySourceLocator    [restartedMain]  o.s.c.c.c.ConfigServicePropertySourceLocator Fetching config from server at : http://localhost:8888
2023-06-17 23:20:43.643 [INFO ] ConfigServicePropertySourceLocator    [restartedMain]  o.s.c.c.c.ConfigServicePropertySourceLocator Connect Timeout Exception on Url - http://localhost:8888. Will be trying the next url if available
2023-06-17 23:20:43.644 [WARN ] ConfigServicePropertySourceLocator    [restartedMain]  o.s.c.c.c.ConfigServicePropertySourceLocator Could not locate PropertySource: I/O error on GET request for "http://localhost:8888/ecausermgmt/default": Connection refused: connect; nested exception is java.net.ConnectException: Connection refused: connect
2023-06-17 23:20:43.646 [INFO ] EcaUserManagementApplication    [restartedMain]  c.e.u.EcaUserManagementApplication The following 1 profile is active: "dev"
2023-06-17 23:20:45.042 [INFO ] RepositoryConfigurationDelegate    [restartedMain]  o.s.d.r.c.RepositoryConfigurationDelegate Multiple Spring Data modules found, entering strict repository configuration mode
2023-06-17 23:20:45.046 [INFO ] RepositoryConfigurationDelegate    [restartedMain]  o.s.d.r.c.RepositoryConfigurationDelegate Bootstrapping Spring Data JPA repositories in DEFAULT mode.
2023-06-17 23:20:45.298 [INFO ] RepositoryConfigurationDelegate    [restartedMain]  o.s.d.r.c.RepositoryConfigurationDelegate Finished Spring Data repository scanning in 239 ms. Found 6 JPA repository interfaces.
2023-06-17 23:20:45.318 [INFO ] RepositoryConfigurationDelegate    [restartedMain]  o.s.d.r.c.RepositoryConfigurationDelegate Multiple Spring Data modules found, entering strict repository configuration mode
2023-06-17 23:20:45.320 [INFO ] RepositoryConfigurationDelegate    [restartedMain]  o.s.d.r.c.RepositoryConfigurationDelegate Bootstrapping Spring Data Redis repositories in DEFAULT mode.
2023-06-17 23:20:45.339 [INFO ] RepositoryConfigurationExtensionSupport    [restartedMain]  o.s.d.r.c.RepositoryConfigurationExtensionSupport Spring Data Redis - Could not safely identify store assignment for repository candidate interface com.eca.usermgmt.repository.OwnerRepository; If you want this repository to be a Redis repository, consider annotating your entities with one of these annotations: org.springframework.data.redis.core.RedisHash (preferred), or consider extending one of the following types with your repository: org.springframework.data.keyvalue.repository.KeyValueRepository
2023-06-17 23:20:45.340 [INFO ] RepositoryConfigurationExtensionSupport    [restartedMain]  o.s.d.r.c.RepositoryConfigurationExtensionSupport Spring Data Redis - Could not safely identify store assignment for repository candidate interface com.eca.usermgmt.repository.PermissionRepository; If you want this repository to be a Redis repository, consider annotating your entities with one of these annotations: org.springframework.data.redis.core.RedisHash (preferred), or consider extending one of the following types with your repository: org.springframework.data.keyvalue.repository.KeyValueRepository
2023-06-17 23:20:45.341 [INFO ] RepositoryConfigurationExtensionSupport    [restartedMain]  o.s.d.r.c.RepositoryConfigurationExtensionSupport Spring Data Redis - Could not safely identify store assignment for repository candidate interface com.eca.usermgmt.repository.RoleRepository; If you want this repository to be a Redis repository, consider annotating your entities with one of these annotations: org.springframework.data.redis.core.RedisHash (preferred), or consider extending one of the following types with your repository: org.springframework.data.keyvalue.repository.KeyValueRepository
2023-06-17 23:20:45.342 [INFO ] RepositoryConfigurationExtensionSupport    [restartedMain]  o.s.d.r.c.RepositoryConfigurationExtensionSupport Spring Data Redis - Could not safely identify store assignment for repository candidate interface com.eca.usermgmt.repository.TenantsRepository; If you want this repository to be a Redis repository, consider annotating your entities with one of these annotations: org.springframework.data.redis.core.RedisHash (preferred), or consider extending one of the following types with your repository: org.springframework.data.keyvalue.repository.KeyValueRepository
2023-06-17 23:20:45.343 [INFO ] RepositoryConfigurationExtensionSupport    [restartedMain]  o.s.d.r.c.RepositoryConfigurationExtensionSupport Spring Data Redis - Could not safely identify store assignment for repository candidate interface com.eca.usermgmt.repository.UserRepository; If you want this repository to be a Redis repository, consider annotating your entities with one of these annotations: org.springframework.data.redis.core.RedisHash (preferred), or consider extending one of the following types with your repository: org.springframework.data.keyvalue.repository.KeyValueRepository
2023-06-17 23:20:45.344 [INFO ] RepositoryConfigurationExtensionSupport    [restartedMain]  o.s.d.r.c.RepositoryConfigurationExtensionSupport Spring Data Redis - Could not safely identify store assignment for repository candidate interface com.eca.usermgmt.repository.VendorRepository; If you want this repository to be a Redis repository, consider annotating your entities with one of these annotations: org.springframework.data.redis.core.RedisHash (preferred), or consider extending one of the following types with your repository: org.springframework.data.keyvalue.repository.KeyValueRepository
2023-06-17 23:20:45.344 [INFO ] RepositoryConfigurationDelegate    [restartedMain]  o.s.d.r.c.RepositoryConfigurationDelegate Finished Spring Data repository scanning in 13 ms. Found 0 Redis repository interfaces.
2023-06-17 23:20:46.098 [INFO ] GenericScope    [restartedMain]  o.s.c.c.s.GenericScope BeanFactory id=bf4491f3-c2d4-34ca-b434-c17efa01f38e
2023-06-17 23:20:46.699 [INFO ] PostProcessorRegistrationDelegate$BeanPostProcessorChecker    [restartedMain]  o.s.c.s.PostProcessorRegistrationDelegate$BeanPostProcessorChecker Bean 'methodSecurityConfiguration' of type [com.eca.usermgmt.config.MethodSecurityConfiguration$$EnhancerBySpringCGLIB$$6e8af9f3] is not eligible for getting processed by all BeanPostProcessors (for example: not eligible for auto-proxying)
2023-06-17 23:20:46.733 [INFO ] PostProcessorRegistrationDelegate$BeanPostProcessorChecker    [restartedMain]  o.s.c.s.PostProcessorRegistrationDelegate$BeanPostProcessorChecker Bean 'customPermissionEvaluator' of type [com.eca.usermgmt.permission.CustomPermissionEvaluator] is not eligible for getting processed by all BeanPostProcessors (for example: not eligible for auto-proxying)
2023-06-17 23:20:48.021 [INFO ] TomcatWebServer    [restartedMain]  o.s.b.w.e.t.TomcatWebServer Tomcat initialized with port(s): 6090 (http)
2023-06-17 23:20:48.030 [INFO ] StandardService    [restartedMain]  o.a.c.c.StandardService Starting service [Tomcat]
2023-06-17 23:20:48.031 [INFO ] StandardEngine    [restartedMain]  o.a.c.c.StandardEngine Starting Servlet engine: [Apache Tomcat/9.0.74]
2023-06-17 23:20:48.247 [INFO ] [/]    [restartedMain]  o.a.c.c.C.[.[.[/] Initializing Spring embedded WebApplicationContext
2023-06-17 23:20:48.247 [INFO ] ServletWebServerApplicationContext    [restartedMain]  o.s.b.w.s.c.ServletWebServerApplicationContext Root WebApplicationContext: initialization completed in 4583 ms
2023-06-17 23:20:48.694 [INFO ] HikariDataSource    [restartedMain]  c.z.h.HikariDataSource HikariPool-1 - Starting...
2023-06-17 23:20:49.004 [INFO ] HikariDataSource    [restartedMain]  c.z.h.HikariDataSource HikariPool-1 - Start completed.
2023-06-17 23:20:49.028 [INFO ] H2ConsoleAutoConfiguration    [restartedMain]  o.s.b.a.h.H2ConsoleAutoConfiguration H2 console available at '/h2-console'. Database available at 'jdbc:h2:mem:ecausermgmt'
2023-06-17 23:20:49.977 [WARN ] ZipkinAutoConfiguration    [pool-1-thread-1]  o.s.c.s.a.z.ZipkinAutoConfiguration Check result of the [RestTemplateSender{http://localhost:9411/api/v2/spans}] contains an error [CheckResult{ok=false, error=org.springframework.web.client.ResourceAccessException: I/O error on POST request for "http://localhost:9411/api/v2/spans": Connection refused: connect; nested exception is java.net.ConnectException: Connection refused: connect}]
2023-06-17 23:20:52.030 [INFO ] LogHelper    [restartedMain]  o.h.j.i.u.LogHelper HHH000204: Processing PersistenceUnitInfo [name: default]
2023-06-17 23:20:52.114 [INFO ] Version    [restartedMain]  o.h.Version HHH000412: Hibernate ORM core version 5.6.15.Final
2023-06-17 23:20:52.362 [INFO ] Version    [restartedMain]  o.h.a.c.Version HCANN000001: Hibernate Commons Annotations {5.1.2.Final}
2023-06-17 23:20:52.530 [INFO ] Dialect    [restartedMain]  o.h.d.Dialect HHH000400: Using dialect: org.hibernate.dialect.H2Dialect
2023-06-17 23:20:53.908 [INFO ] JtaPlatformInitiator    [restartedMain]  o.h.e.t.j.p.i.JtaPlatformInitiator HHH000490: Using JtaPlatform implementation: [org.hibernate.engine.transaction.jta.platform.internal.NoJtaPlatform]
2023-06-17 23:20:57.157 [WARN ] JpaBaseConfiguration$JpaWebConfiguration    [restartedMain]  o.s.b.a.o.j.JpaBaseConfiguration$JpaWebConfiguration spring.jpa.open-in-view is enabled by default. Therefore, database queries may be performed during view rendering. Explicitly configure spring.jpa.open-in-view to disable this warning
2023-06-17 23:20:57.416 [INFO ] OptionalLiveReloadServer    [restartedMain]  o.s.b.d.a.OptionalLiveReloadServer LiveReload server is running on port 35729
2023-06-17 23:20:58.568 [INFO ] DefaultSecurityFilterChain    [restartedMain]  o.s.s.w.DefaultSecurityFilterChain Will secure any request with [org.springframework.security.web.session.DisableEncodeUrlFilter@4e5966a9, org.springframework.security.web.context.request.async.WebAsyncManagerIntegrationFilter@53ab16b2, org.springframework.security.web.context.SecurityContextPersistenceFilter@3863a3af, org.springframework.security.web.header.HeaderWriterFilter@2f8faa82, org.springframework.security.web.authentication.logout.LogoutFilter@50a18fea, com.eca.usermgmt.filter.RequestTokenFilter@5d590e90, org.springframework.security.web.savedrequest.RequestCacheAwareFilter@18d2ed0d, org.springframework.security.web.servletapi.SecurityContextHolderAwareRequestFilter@75736070, org.springframework.security.web.authentication.AnonymousAuthenticationFilter@2aedb952, org.springframework.security.web.session.SessionManagementFilter@5b992618, org.springframework.security.web.access.ExceptionTranslationFilter@71cd865c, org.springframework.security.web.access.intercept.FilterSecurityInterceptor@7a3ee637]
2023-06-17 23:20:58.599 [WARN ] WebSecurity    [restartedMain]  o.s.s.c.a.w.b.WebSecurity You are asking Spring Security to ignore Ant [pattern='/swagger-ui/**']. This is not recommended -- please use permitAll via HttpSecurity#authorizeHttpRequests instead.
2023-06-17 23:20:58.599 [INFO ] DefaultSecurityFilterChain    [restartedMain]  o.s.s.w.DefaultSecurityFilterChain Will not secure Ant [pattern='/swagger-ui/**']
2023-06-17 23:20:58.599 [WARN ] WebSecurity    [restartedMain]  o.s.s.c.a.w.b.WebSecurity You are asking Spring Security to ignore Ant [pattern='/swagger-ui.html/**']. This is not recommended -- please use permitAll via HttpSecurity#authorizeHttpRequests instead.
2023-06-17 23:20:58.599 [INFO ] DefaultSecurityFilterChain    [restartedMain]  o.s.s.w.DefaultSecurityFilterChain Will not secure Ant [pattern='/swagger-ui.html/**']
2023-06-17 23:20:58.599 [WARN ] WebSecurity    [restartedMain]  o.s.s.c.a.w.b.WebSecurity You are asking Spring Security to ignore Ant [pattern='/webjars/**']. This is not recommended -- please use permitAll via HttpSecurity#authorizeHttpRequests instead.
2023-06-17 23:20:58.599 [INFO ] DefaultSecurityFilterChain    [restartedMain]  o.s.s.w.DefaultSecurityFilterChain Will not secure Ant [pattern='/webjars/**']
2023-06-17 23:20:58.599 [WARN ] WebSecurity    [restartedMain]  o.s.s.c.a.w.b.WebSecurity You are asking Spring Security to ignore Ant [pattern='/swagger-resources/**']. This is not recommended -- please use permitAll via HttpSecurity#authorizeHttpRequests instead.
2023-06-17 23:20:58.599 [INFO ] DefaultSecurityFilterChain    [restartedMain]  o.s.s.w.DefaultSecurityFilterChain Will not secure Ant [pattern='/swagger-resources/**']
2023-06-17 23:20:58.599 [WARN ] WebSecurity    [restartedMain]  o.s.s.c.a.w.b.WebSecurity You are asking Spring Security to ignore Ant [pattern='/v2/api-docs/**']. This is not recommended -- please use permitAll via HttpSecurity#authorizeHttpRequests instead.
2023-06-17 23:20:58.599 [INFO ] DefaultSecurityFilterChain    [restartedMain]  o.s.s.w.DefaultSecurityFilterChain Will not secure Ant [pattern='/v2/api-docs/**']
2023-06-17 23:20:58.599 [WARN ] WebSecurity    [restartedMain]  o.s.s.c.a.w.b.WebSecurity You are asking Spring Security to ignore Ant [pattern='/swagger-resources/configuration/ui/**']. This is not recommended -- please use permitAll via HttpSecurity#authorizeHttpRequests instead.
2023-06-17 23:20:58.599 [INFO ] DefaultSecurityFilterChain    [restartedMain]  o.s.s.w.DefaultSecurityFilterChain Will not secure Ant [pattern='/swagger-resources/configuration/ui/**']
2023-06-17 23:20:58.599 [WARN ] WebSecurity    [restartedMain]  o.s.s.c.a.w.b.WebSecurity You are asking Spring Security to ignore Ant [pattern='/swagger-resources/configuration/security/**']. This is not recommended -- please use permitAll via HttpSecurity#authorizeHttpRequests instead.
2023-06-17 23:20:58.599 [INFO ] DefaultSecurityFilterChain    [restartedMain]  o.s.s.w.DefaultSecurityFilterChain Will not secure Ant [pattern='/swagger-resources/configuration/security/**']
2023-06-17 23:20:58.599 [WARN ] WebSecurity    [restartedMain]  o.s.s.c.a.w.b.WebSecurity You are asking Spring Security to ignore Ant [pattern='/images/**']. This is not recommended -- please use permitAll via HttpSecurity#authorizeHttpRequests instead.
2023-06-17 23:20:58.599 [INFO ] DefaultSecurityFilterChain    [restartedMain]  o.s.s.w.DefaultSecurityFilterChain Will not secure Ant [pattern='/images/**']
2023-06-17 23:20:58.599 [WARN ] WebSecurity    [restartedMain]  o.s.s.c.a.w.b.WebSecurity You are asking Spring Security to ignore Ant [pattern='/h2-console/**']. This is not recommended -- please use permitAll via HttpSecurity#authorizeHttpRequests instead.
2023-06-17 23:20:58.599 [INFO ] DefaultSecurityFilterChain    [restartedMain]  o.s.s.w.DefaultSecurityFilterChain Will not secure Ant [pattern='/h2-console/**']
2023-06-17 23:21:05.203 [INFO ] DiscoveryClientOptionalArgsConfiguration    [restartedMain]  o.s.c.n.e.c.DiscoveryClientOptionalArgsConfiguration Eureka HTTP Client uses RestTemplate.
2023-06-17 23:21:07.320 [WARN ] LoadBalancerCacheAutoConfiguration$LoadBalancerCaffeineWarnLogger    [restartedMain]  o.s.c.l.c.LoadBalancerCacheAutoConfiguration$LoadBalancerCaffeineWarnLogger Spring Cloud LoadBalancer is currently working with the default cache. While this cache implementation is useful for development and tests, it's recommended to use Caffeine cache in production.You can switch to using Caffeine cache, by adding it and org.springframework.cache.caffeine.CaffeineCacheManager to the classpath.
2023-06-17 23:21:07.572 [INFO ] EndpointLinksResolver    [restartedMain]  o.s.b.a.e.w.EndpointLinksResolver Exposing 25 endpoint(s) beneath base path '/actuator'
2023-06-17 23:21:07.792 [INFO ] TomcatWebServer    [restartedMain]  o.s.b.w.e.t.TomcatWebServer Tomcat started on port(s): 6090 (http) with context path ''
2023-06-17 23:21:08.502 [INFO ] EcaUserManagementApplication    [restartedMain]  c.e.u.EcaUserManagementApplication Started EcaUserManagementApplication in 26.084 seconds (JVM running for 27.043)
2023-06-17 23:21:08.621 [INFO ] PermissionServiceImpl    [restartedMain]  c.e.u.s.i.PermissionServiceImpl PermissionServiceImpl::createPermissionIfNotFound null
2023-06-17 23:21:08.676 [INFO ] PermissionServiceImpl    [restartedMain]  c.e.u.s.i.PermissionServiceImpl PermissionServiceImpl::createPermissionIfNotFound null
2023-06-17 23:21:08.691 [INFO ] PermissionServiceImpl    [restartedMain]  c.e.u.s.i.PermissionServiceImpl PermissionServiceImpl::createPermissionIfNotFound null
2023-06-17 23:21:08.691 [INFO ] PermissionServiceImpl    [restartedMain]  c.e.u.s.i.PermissionServiceImpl PermissionServiceImpl::createPermissionIfNotFound null
2023-06-17 23:21:08.731 [INFO ] CreateUserUtil    [restartedMain]  c.e.u.u.CreateUserUtil $2a$10$JCKSC6A2kuaQVAYYzslGH.XVS3EaSwE7slnfpHklfc2S18MHiUt/O
2023-06-17 23:21:08.739 [INFO ] RoleServiceImpl    [restartedMain]  c.e.u.s.i.RoleServiceImpl RoleServiceImpl::createIfNotFound null 
2023-06-17 23:21:08.881 [INFO ] CreateUserUtil    [restartedMain]  c.e.u.u.CreateUserUtil User Details User(id=7, createdOn=2023-06-17T23:21:08.881348, updatedOn=2023-06-17T23:21:08.881348, version=0, username=vishabsingh@gmail.com, password=$2a$10$JCKSC6A2kuaQVAYYzslGH.XVS3EaSwE7slnfpHklfc2S18MHiUt/O, owner=Owner(id=6, type=null), tenant=null, vendor=null, userPhoneNumber=9590319707, roles=[com.eca.usermgmt.entity.Role@aa875318], accountNonExpired=true, accountNonLocked=true, credentialsNonExpired=true, enabled=true) 
2023-06-17 23:21:11.145 [INFO ] [/] cd7f87a16ae3cc80   [http-nio-6090-exec-1]  o.a.c.c.C.[.[.[/] Initializing Spring DispatcherServlet 'dispatcherServlet'
2023-06-17 23:21:11.158 [INFO ] RequestTokenFilter cd7f87a16ae3cc80   [http-nio-6090-exec-1]  c.e.u.f.RequestTokenFilter RequestTokenFilter:: doFilterInternal authorizationHeader null
2023-06-17 23:21:11.236 [INFO ] RequestTokenFilter 501d92f3f67ef8cc   [http-nio-6090-exec-3]  c.e.u.f.RequestTokenFilter RequestTokenFilter:: doFilterInternal authorizationHeader null
2023-06-17 23:21:11.397 [INFO ] RequestTokenFilter 8ac64ed8f287bdb2   [http-nio-6090-exec-4]  c.e.u.f.RequestTokenFilter RequestTokenFilter:: doFilterInternal authorizationHeader null
2023-06-17 23:21:11.931 [INFO ] AbstractOpenApiResource 8ac64ed8f287bdb2   [http-nio-6090-exec-4]  o.s.a.AbstractOpenApiResource Init duration for springdoc-openapi is: 518 ms
2023-06-17 23:21:12.285 [WARN ] AsyncReporter$BoundedAsyncReporter    [AsyncReporter{RestTemplateSender{http://localhost:9411/api/v2/spans}}]  z.r.AsyncReporter$BoundedAsyncReporter Spans were dropped due to exceptions. All subsequent errors will be logged at FINE level.
2023-06-17 23:21:12.285 [WARN ] AsyncReporter$BoundedAsyncReporter    [AsyncReporter{RestTemplateSender{http://localhost:9411/api/v2/spans}}]  z.r.AsyncReporter$BoundedAsyncReporter Dropped 2 spans due to ResourceAccessException(I/O error on POST request for "http://localhost:9411/api/v2/spans": Connection refused: connect; nested exception is java.net.ConnectException: Connection refused: connect)
org.springframework.web.client.ResourceAccessException: I/O error on POST request for "http://localhost:9411/api/v2/spans": Connection refused: connect; nested exception is java.net.ConnectException: Connection refused: connect
	at org.springframework.web.client.RestTemplate.doExecute(RestTemplate.java:791)
	at org.springframework.cloud.sleuth.zipkin2.ZipkinRestTemplateWrapper.doExecute(ZipkinRestTemplateWrapper.java:67)
	at org.springframework.web.client.RestTemplate.exchange(RestTemplate.java:666)
	at org.springframework.cloud.sleuth.zipkin2.RestTemplateSender.post(RestTemplateSender.java:51)
	at org.springframework.cloud.sleuth.zipkin2.RestTemplateSender.lambda$new$0(RestTemplateSender.java:44)
	at org.springframework.cloud.sleuth.zipkin2.HttpSender.post(HttpSender.java:137)
	at org.springframework.cloud.sleuth.zipkin2.HttpSender$HttpPostCall.doExecute(HttpSender.java:150)
	at org.springframework.cloud.sleuth.zipkin2.HttpSender$HttpPostCall.doExecute(HttpSender.java:140)
	at zipkin2.Call$Base.execute(Call.java:391)
	at zipkin2.reporter.AsyncReporter$BoundedAsyncReporter.flush(AsyncReporter.java:299)
	at zipkin2.reporter.AsyncReporter$Flusher.run(AsyncReporter.java:378)
	at java.base/java.lang.Thread.run(Thread.java:834)
Caused by: java.net.ConnectException: Connection refused: connect
	at java.base/java.net.PlainSocketImpl.waitForConnect(Native Method)
	at java.base/java.net.PlainSocketImpl.socketConnect(PlainSocketImpl.java:107)
	at java.base/java.net.AbstractPlainSocketImpl.doConnect(AbstractPlainSocketImpl.java:412)
	at java.base/java.net.AbstractPlainSocketImpl.connectToAddress(AbstractPlainSocketImpl.java:255)
	at java.base/java.net.AbstractPlainSocketImpl.connect(AbstractPlainSocketImpl.java:237)
	at java.base/java.net.Socket.connect(Socket.java:608)
	at java.base/sun.net.NetworkClient.doConnect(NetworkClient.java:177)
	at java.base/sun.net.www.http.HttpClient.openServer(HttpClient.java:508)
	at java.base/sun.net.www.http.HttpClient.openServer(HttpClient.java:603)
	at java.base/sun.net.www.http.HttpClient.<init>(HttpClient.java:276)
	at java.base/sun.net.www.http.HttpClient.New(HttpClient.java:375)
	at java.base/sun.net.www.http.HttpClient.New(HttpClient.java:396)
	at java.base/sun.net.www.protocol.http.HttpURLConnection.getNewHttpClient(HttpURLConnection.java:1253)
	at java.base/sun.net.www.protocol.http.HttpURLConnection.plainConnect0(HttpURLConnection.java:1187)
	at java.base/sun.net.www.protocol.http.HttpURLConnection.plainConnect(HttpURLConnection.java:1081)
	at java.base/sun.net.www.protocol.http.HttpURLConnection.connect(HttpURLConnection.java:1015)
	at org.springframework.http.client.SimpleBufferingClientHttpRequest.executeInternal(SimpleBufferingClientHttpRequest.java:76)
	at org.springframework.http.client.AbstractBufferingClientHttpRequest.executeInternal(AbstractBufferingClientHttpRequest.java:48)
	at org.springframework.http.client.AbstractClientHttpRequest.execute(AbstractClientHttpRequest.java:66)
	at org.springframework.web.client.RestTemplate.doExecute(RestTemplate.java:782)
	... 11 common frames omitted
2023-06-17 23:21:28.306 [INFO ] RequestTokenFilter 504e303313266820   [http-nio-6090-exec-2]  c.e.u.f.RequestTokenFilter RequestTokenFilter:: doFilterInternal authorizationHeader null
2023-06-17 23:21:28.335 [INFO ] RequestTokenFilter f7acdb9c36d7b338   [http-nio-6090-exec-10]  c.e.u.f.RequestTokenFilter RequestTokenFilter:: doFilterInternal authorizationHeader null
2023-06-17 23:21:28.371 [INFO ] RequestTokenFilter ae82b9c4d09fed62   [http-nio-6090-exec-5]  c.e.u.f.RequestTokenFilter RequestTokenFilter:: doFilterInternal authorizationHeader null
2023-06-17 23:21:28.373 [INFO ] RequestTokenFilter 2780a803c8d3b74d   [http-nio-6090-exec-7]  c.e.u.f.RequestTokenFilter RequestTokenFilter:: doFilterInternal authorizationHeader null
2023-06-17 23:21:28.398 [INFO ] RequestTokenFilter 4969a07311366a4c   [http-nio-6090-exec-8]  c.e.u.f.RequestTokenFilter RequestTokenFilter:: doFilterInternal authorizationHeader null
2023-06-17 23:55:00.153 [WARN ] HikariPool    [HikariPool-1 housekeeper]  c.z.h.p.HikariPool HikariPool-1 - Thread starvation or clock leap detected (housekeeper delta=18m40s757ms981µs800ns).
