2023-06-21 14:05:18.264 [INFO ] DevToolsPropertyDefaultsPostProcessor    [restartedMain]  o.s.b.d.e.DevToolsPropertyDefaultsPostProcessor Devtools property defaults active! Set 'spring.devtools.add-properties' to 'false' to disable
2023-06-21 14:05:18.921 [INFO ] ConfigServicePropertySourceLocator    [restartedMain]  o.s.c.c.c.ConfigServicePropertySourceLocator Fetching config from server at : http://localhost:8888
2023-06-21 14:05:19.010 [INFO ] ConfigServicePropertySourceLocator    [restartedMain]  o.s.c.c.c.ConfigServicePropertySourceLocator Connect Timeout Exception on Url - http://localhost:8888. Will be trying the next url if available
2023-06-21 14:05:19.010 [WARN ] ConfigServicePropertySourceLocator    [restartedMain]  o.s.c.c.c.ConfigServicePropertySourceLocator Could not locate PropertySource: I/O error on GET request for "http://localhost:8888/ecausermgmt/default": Connection refused: connect; nested exception is java.net.ConnectException: Connection refused: connect
2023-06-21 14:05:19.013 [INFO ] EcaUserManagementApplication    [restartedMain]  c.e.u.EcaUserManagementApplication The following 1 profile is active: "dev"
2023-06-21 14:05:20.475 [INFO ] RepositoryConfigurationDelegate    [restartedMain]  o.s.d.r.c.RepositoryConfigurationDelegate Multiple Spring Data modules found, entering strict repository configuration mode
2023-06-21 14:05:20.481 [INFO ] RepositoryConfigurationDelegate    [restartedMain]  o.s.d.r.c.RepositoryConfigurationDelegate Bootstrapping Spring Data JPA repositories in DEFAULT mode.
2023-06-21 14:05:20.682 [INFO ] RepositoryConfigurationDelegate    [restartedMain]  o.s.d.r.c.RepositoryConfigurationDelegate Finished Spring Data repository scanning in 190 ms. Found 6 JPA repository interfaces.
2023-06-21 14:05:20.706 [INFO ] RepositoryConfigurationDelegate    [restartedMain]  o.s.d.r.c.RepositoryConfigurationDelegate Multiple Spring Data modules found, entering strict repository configuration mode
2023-06-21 14:05:20.707 [INFO ] RepositoryConfigurationDelegate    [restartedMain]  o.s.d.r.c.RepositoryConfigurationDelegate Bootstrapping Spring Data Redis repositories in DEFAULT mode.
2023-06-21 14:05:20.728 [INFO ] RepositoryConfigurationExtensionSupport    [restartedMain]  o.s.d.r.c.RepositoryConfigurationExtensionSupport Spring Data Redis - Could not safely identify store assignment for repository candidate interface com.eca.usermgmt.repository.OwnerRepository; If you want this repository to be a Redis repository, consider annotating your entities with one of these annotations: org.springframework.data.redis.core.RedisHash (preferred), or consider extending one of the following types with your repository: org.springframework.data.keyvalue.repository.KeyValueRepository
2023-06-21 14:05:20.730 [INFO ] RepositoryConfigurationExtensionSupport    [restartedMain]  o.s.d.r.c.RepositoryConfigurationExtensionSupport Spring Data Redis - Could not safely identify store assignment for repository candidate interface com.eca.usermgmt.repository.PermissionRepository; If you want this repository to be a Redis repository, consider annotating your entities with one of these annotations: org.springframework.data.redis.core.RedisHash (preferred), or consider extending one of the following types with your repository: org.springframework.data.keyvalue.repository.KeyValueRepository
2023-06-21 14:05:20.732 [INFO ] RepositoryConfigurationExtensionSupport    [restartedMain]  o.s.d.r.c.RepositoryConfigurationExtensionSupport Spring Data Redis - Could not safely identify store assignment for repository candidate interface com.eca.usermgmt.repository.RoleRepository; If you want this repository to be a Redis repository, consider annotating your entities with one of these annotations: org.springframework.data.redis.core.RedisHash (preferred), or consider extending one of the following types with your repository: org.springframework.data.keyvalue.repository.KeyValueRepository
2023-06-21 14:05:20.732 [INFO ] RepositoryConfigurationExtensionSupport    [restartedMain]  o.s.d.r.c.RepositoryConfigurationExtensionSupport Spring Data Redis - Could not safely identify store assignment for repository candidate interface com.eca.usermgmt.repository.TenantsRepository; If you want this repository to be a Redis repository, consider annotating your entities with one of these annotations: org.springframework.data.redis.core.RedisHash (preferred), or consider extending one of the following types with your repository: org.springframework.data.keyvalue.repository.KeyValueRepository
2023-06-21 14:05:20.733 [INFO ] RepositoryConfigurationExtensionSupport    [restartedMain]  o.s.d.r.c.RepositoryConfigurationExtensionSupport Spring Data Redis - Could not safely identify store assignment for repository candidate interface com.eca.usermgmt.repository.UserRepository; If you want this repository to be a Redis repository, consider annotating your entities with one of these annotations: org.springframework.data.redis.core.RedisHash (preferred), or consider extending one of the following types with your repository: org.springframework.data.keyvalue.repository.KeyValueRepository
2023-06-21 14:05:20.734 [INFO ] RepositoryConfigurationExtensionSupport    [restartedMain]  o.s.d.r.c.RepositoryConfigurationExtensionSupport Spring Data Redis - Could not safely identify store assignment for repository candidate interface com.eca.usermgmt.repository.VendorRepository; If you want this repository to be a Redis repository, consider annotating your entities with one of these annotations: org.springframework.data.redis.core.RedisHash (preferred), or consider extending one of the following types with your repository: org.springframework.data.keyvalue.repository.KeyValueRepository
2023-06-21 14:05:20.734 [INFO ] RepositoryConfigurationDelegate    [restartedMain]  o.s.d.r.c.RepositoryConfigurationDelegate Finished Spring Data repository scanning in 13 ms. Found 0 Redis repository interfaces.
2023-06-21 14:05:21.426 [INFO ] GenericScope    [restartedMain]  o.s.c.c.s.GenericScope BeanFactory id=bf4491f3-c2d4-34ca-b434-c17efa01f38e
2023-06-21 14:05:21.932 [INFO ] PostProcessorRegistrationDelegate$BeanPostProcessorChecker    [restartedMain]  o.s.c.s.PostProcessorRegistrationDelegate$BeanPostProcessorChecker Bean 'methodSecurityConfiguration' of type [com.eca.usermgmt.config.MethodSecurityConfiguration$$EnhancerBySpringCGLIB$$176250d8] is not eligible for getting processed by all BeanPostProcessors (for example: not eligible for auto-proxying)
2023-06-21 14:05:21.961 [INFO ] PostProcessorRegistrationDelegate$BeanPostProcessorChecker    [restartedMain]  o.s.c.s.PostProcessorRegistrationDelegate$BeanPostProcessorChecker Bean 'customPermissionEvaluator' of type [com.eca.usermgmt.permission.CustomPermissionEvaluator] is not eligible for getting processed by all BeanPostProcessors (for example: not eligible for auto-proxying)
2023-06-21 14:05:23.092 [INFO ] TomcatWebServer    [restartedMain]  o.s.b.w.e.t.TomcatWebServer Tomcat initialized with port(s): 6090 (http)
2023-06-21 14:05:23.099 [INFO ] StandardService    [restartedMain]  o.a.c.c.StandardService Starting service [Tomcat]
2023-06-21 14:05:23.100 [INFO ] StandardEngine    [restartedMain]  o.a.c.c.StandardEngine Starting Servlet engine: [Apache Tomcat/9.0.74]
2023-06-21 14:05:23.301 [INFO ] [/]    [restartedMain]  o.a.c.c.C.[.[.[/] Initializing Spring embedded WebApplicationContext
2023-06-21 14:05:23.302 [INFO ] ServletWebServerApplicationContext    [restartedMain]  o.s.b.w.s.c.ServletWebServerApplicationContext Root WebApplicationContext: initialization completed in 4273 ms
2023-06-21 14:05:23.766 [INFO ] HikariDataSource    [restartedMain]  c.z.h.HikariDataSource HikariPool-1 - Starting...
2023-06-21 14:05:24.058 [INFO ] HikariDataSource    [restartedMain]  c.z.h.HikariDataSource HikariPool-1 - Start completed.
2023-06-21 14:05:24.067 [INFO ] H2ConsoleAutoConfiguration    [restartedMain]  o.s.b.a.h.H2ConsoleAutoConfiguration H2 console available at '/h2-console'. Database available at 'jdbc:h2:mem:ecausermgmt'
2023-06-21 14:05:24.913 [WARN ] ZipkinAutoConfiguration    [pool-2-thread-1]  o.s.c.s.a.z.ZipkinAutoConfiguration Check result of the [RestTemplateSender{http://localhost:9411/api/v2/spans}] contains an error [CheckResult{ok=false, error=org.springframework.web.client.ResourceAccessException: I/O error on POST request for "http://localhost:9411/api/v2/spans": Connection refused: connect; nested exception is java.net.ConnectException: Connection refused: connect}]
2023-06-21 14:05:26.421 [INFO ] LogHelper    [restartedMain]  o.h.j.i.u.LogHelper HHH000204: Processing PersistenceUnitInfo [name: default]
2023-06-21 14:05:26.505 [INFO ] Version    [restartedMain]  o.h.Version HHH000412: Hibernate ORM core version 5.6.15.Final
2023-06-21 14:05:26.665 [INFO ] Version    [restartedMain]  o.h.a.c.Version HCANN000001: Hibernate Commons Annotations {5.1.2.Final}
2023-06-21 14:05:26.762 [INFO ] Dialect    [restartedMain]  o.h.d.Dialect HHH000400: Using dialect: org.hibernate.dialect.H2Dialect
2023-06-21 14:05:27.661 [INFO ] JtaPlatformInitiator    [restartedMain]  o.h.e.t.j.p.i.JtaPlatformInitiator HHH000490: Using JtaPlatform implementation: [org.hibernate.engine.transaction.jta.platform.internal.NoJtaPlatform]
2023-06-21 14:05:29.450 [WARN ] JpaBaseConfiguration$JpaWebConfiguration    [restartedMain]  o.s.b.a.o.j.JpaBaseConfiguration$JpaWebConfiguration spring.jpa.open-in-view is enabled by default. Therefore, database queries may be performed during view rendering. Explicitly configure spring.jpa.open-in-view to disable this warning
2023-06-21 14:05:29.547 [INFO ] OptionalLiveReloadServer    [restartedMain]  o.s.b.d.a.OptionalLiveReloadServer LiveReload server is running on port 35729
2023-06-21 14:05:30.350 [INFO ] DefaultSecurityFilterChain    [restartedMain]  o.s.s.w.DefaultSecurityFilterChain Will secure any request with [org.springframework.security.web.session.DisableEncodeUrlFilter@6740a5a5, org.springframework.security.web.context.request.async.WebAsyncManagerIntegrationFilter@7559bfb, org.springframework.security.web.context.SecurityContextPersistenceFilter@4e155f96, org.springframework.security.web.header.HeaderWriterFilter@3ad979a9, org.springframework.security.web.authentication.logout.LogoutFilter@2fb56fbe, com.eca.usermgmt.filter.RequestTokenFilter@96adca3, org.springframework.security.web.savedrequest.RequestCacheAwareFilter@bfac9a5, org.springframework.security.web.servletapi.SecurityContextHolderAwareRequestFilter@5170496c, org.springframework.security.web.authentication.AnonymousAuthenticationFilter@52a0d1aa, org.springframework.security.web.session.SessionManagementFilter@32e4b9d4, org.springframework.security.web.access.ExceptionTranslationFilter@3fb1bb13, org.springframework.security.web.access.intercept.FilterSecurityInterceptor@58baa58e]
2023-06-21 14:05:30.359 [WARN ] WebSecurity    [restartedMain]  o.s.s.c.a.w.b.WebSecurity You are asking Spring Security to ignore Ant [pattern='/swagger-ui/**']. This is not recommended -- please use permitAll via HttpSecurity#authorizeHttpRequests instead.
2023-06-21 14:05:30.360 [INFO ] DefaultSecurityFilterChain    [restartedMain]  o.s.s.w.DefaultSecurityFilterChain Will not secure Ant [pattern='/swagger-ui/**']
2023-06-21 14:05:30.361 [WARN ] WebSecurity    [restartedMain]  o.s.s.c.a.w.b.WebSecurity You are asking Spring Security to ignore Ant [pattern='/swagger-ui.html/**']. This is not recommended -- please use permitAll via HttpSecurity#authorizeHttpRequests instead.
2023-06-21 14:05:30.361 [INFO ] DefaultSecurityFilterChain    [restartedMain]  o.s.s.w.DefaultSecurityFilterChain Will not secure Ant [pattern='/swagger-ui.html/**']
2023-06-21 14:05:30.361 [WARN ] WebSecurity    [restartedMain]  o.s.s.c.a.w.b.WebSecurity You are asking Spring Security to ignore Ant [pattern='/webjars/**']. This is not recommended -- please use permitAll via HttpSecurity#authorizeHttpRequests instead.
2023-06-21 14:05:30.361 [INFO ] DefaultSecurityFilterChain    [restartedMain]  o.s.s.w.DefaultSecurityFilterChain Will not secure Ant [pattern='/webjars/**']
2023-06-21 14:05:30.362 [WARN ] WebSecurity    [restartedMain]  o.s.s.c.a.w.b.WebSecurity You are asking Spring Security to ignore Ant [pattern='/swagger-resources/**']. This is not recommended -- please use permitAll via HttpSecurity#authorizeHttpRequests instead.
2023-06-21 14:05:30.362 [INFO ] DefaultSecurityFilterChain    [restartedMain]  o.s.s.w.DefaultSecurityFilterChain Will not secure Ant [pattern='/swagger-resources/**']
2023-06-21 14:05:30.362 [WARN ] WebSecurity    [restartedMain]  o.s.s.c.a.w.b.WebSecurity You are asking Spring Security to ignore Ant [pattern='/v2/api-docs/**']. This is not recommended -- please use permitAll via HttpSecurity#authorizeHttpRequests instead.
2023-06-21 14:05:30.362 [INFO ] DefaultSecurityFilterChain    [restartedMain]  o.s.s.w.DefaultSecurityFilterChain Will not secure Ant [pattern='/v2/api-docs/**']
2023-06-21 14:05:30.362 [WARN ] WebSecurity    [restartedMain]  o.s.s.c.a.w.b.WebSecurity You are asking Spring Security to ignore Ant [pattern='/swagger-resources/configuration/ui/**']. This is not recommended -- please use permitAll via HttpSecurity#authorizeHttpRequests instead.
2023-06-21 14:05:30.362 [INFO ] DefaultSecurityFilterChain    [restartedMain]  o.s.s.w.DefaultSecurityFilterChain Will not secure Ant [pattern='/swagger-resources/configuration/ui/**']
2023-06-21 14:05:30.362 [WARN ] WebSecurity    [restartedMain]  o.s.s.c.a.w.b.WebSecurity You are asking Spring Security to ignore Ant [pattern='/swagger-resources/configuration/security/**']. This is not recommended -- please use permitAll via HttpSecurity#authorizeHttpRequests instead.
2023-06-21 14:05:30.363 [INFO ] DefaultSecurityFilterChain    [restartedMain]  o.s.s.w.DefaultSecurityFilterChain Will not secure Ant [pattern='/swagger-resources/configuration/security/**']
2023-06-21 14:05:30.363 [WARN ] WebSecurity    [restartedMain]  o.s.s.c.a.w.b.WebSecurity You are asking Spring Security to ignore Ant [pattern='/images/**']. This is not recommended -- please use permitAll via HttpSecurity#authorizeHttpRequests instead.
2023-06-21 14:05:30.363 [INFO ] DefaultSecurityFilterChain    [restartedMain]  o.s.s.w.DefaultSecurityFilterChain Will not secure Ant [pattern='/images/**']
2023-06-21 14:05:30.363 [WARN ] WebSecurity    [restartedMain]  o.s.s.c.a.w.b.WebSecurity You are asking Spring Security to ignore Ant [pattern='/h2-console/**']. This is not recommended -- please use permitAll via HttpSecurity#authorizeHttpRequests instead.
2023-06-21 14:05:30.363 [INFO ] DefaultSecurityFilterChain    [restartedMain]  o.s.s.w.DefaultSecurityFilterChain Will not secure Ant [pattern='/h2-console/**']
2023-06-21 14:05:33.280 [INFO ] DiscoveryClientOptionalArgsConfiguration    [restartedMain]  o.s.c.n.e.c.DiscoveryClientOptionalArgsConfiguration Eureka HTTP Client uses RestTemplate.
2023-06-21 14:05:33.967 [WARN ] LoadBalancerCacheAutoConfiguration$LoadBalancerCaffeineWarnLogger    [restartedMain]  o.s.c.l.c.LoadBalancerCacheAutoConfiguration$LoadBalancerCaffeineWarnLogger Spring Cloud LoadBalancer is currently working with the default cache. While this cache implementation is useful for development and tests, it's recommended to use Caffeine cache in production.You can switch to using Caffeine cache, by adding it and org.springframework.cache.caffeine.CaffeineCacheManager to the classpath.
2023-06-21 14:05:34.076 [INFO ] EndpointLinksResolver    [restartedMain]  o.s.b.a.e.w.EndpointLinksResolver Exposing 25 endpoint(s) beneath base path '/actuator'
2023-06-21 14:05:34.166 [INFO ] TomcatWebServer    [restartedMain]  o.s.b.w.e.t.TomcatWebServer Tomcat started on port(s): 6090 (http) with context path ''
2023-06-21 14:05:34.405 [INFO ] EcaUserManagementApplication    [restartedMain]  c.e.u.EcaUserManagementApplication Started EcaUserManagementApplication in 16.958 seconds (JVM running for 18.017)
2023-06-21 14:05:34.486 [INFO ] PermissionServiceImpl    [restartedMain]  c.e.u.s.i.PermissionServiceImpl PermissionServiceImpl::createPermissionIfNotFound null
2023-06-21 14:05:34.528 [INFO ] PermissionServiceImpl    [restartedMain]  c.e.u.s.i.PermissionServiceImpl PermissionServiceImpl::createPermissionIfNotFound null
2023-06-21 14:05:34.529 [INFO ] PermissionServiceImpl    [restartedMain]  c.e.u.s.i.PermissionServiceImpl PermissionServiceImpl::createPermissionIfNotFound null
2023-06-21 14:05:34.531 [INFO ] PermissionServiceImpl    [restartedMain]  c.e.u.s.i.PermissionServiceImpl PermissionServiceImpl::createPermissionIfNotFound null
2023-06-21 14:05:34.549 [INFO ] CreateUserUtil    [restartedMain]  c.e.u.u.CreateUserUtil $2a$10$JCKSC6A2kuaQVAYYzslGH.XVS3EaSwE7slnfpHklfc2S18MHiUt/O
2023-06-21 14:05:34.556 [INFO ] RoleServiceImpl    [restartedMain]  c.e.u.s.i.RoleServiceImpl RoleServiceImpl::createIfNotFound null 
2023-06-21 14:05:34.623 [INFO ] CreateUserUtil    [restartedMain]  c.e.u.u.CreateUserUtil User Details User(id=7, createdOn=2023-06-21T14:05:34.618427100, updatedOn=2023-06-21T14:05:34.618427100, version=0, username=vishabsingh@gmail.com, password=$2a$10$JCKSC6A2kuaQVAYYzslGH.XVS3EaSwE7slnfpHklfc2S18MHiUt/O, owner=Owner(id=6, type=null), tenant=null, vendor=null, userPhoneNumber=9590319707, roles=[com.eca.usermgmt.entity.Role@6178c5f5], accountNonExpired=true, accountNonLocked=true, credentialsNonExpired=true, enabled=true) 
2023-06-21 14:22:39.993 [INFO ] LocalDevToolsAutoConfiguration$RestartingClassPathChangeChangedEventListener    [File Watcher]  o.s.b.d.a.LocalDevToolsAutoConfiguration$RestartingClassPathChangeChangedEventListener Restarting due to 97 class path changes (0 additions, 93 deletions, 4 modifications)
2023-06-21 14:22:40.261 [INFO ] StandardService    [Thread-8]  o.a.c.c.StandardService Stopping service [Tomcat]
2023-06-21 14:22:40.292 [INFO ] SchemaDropperImpl$DelayedDropActionImpl    [Thread-8]  o.h.t.s.i.SchemaDropperImpl$DelayedDropActionImpl HHH000477: Starting delayed evictData of schema as part of SessionFactory shut-down'
2023-06-21 14:22:40.523 [WARN ] DisposableBeanAdapter    [Thread-8]  o.s.b.f.s.DisposableBeanAdapter Invocation of destroy method failed on bean with name 'inMemoryDatabaseShutdownExecutor': org.h2.jdbc.JdbcSQLNonTransientConnectionException: Database is already closed (to disable automatic closing at VM shutdown, add ";DB_CLOSE_ON_EXIT=FALSE" to the db URL) [90121-214]
2023-06-21 14:22:41.526 [WARN ] AsyncReporter$BoundedAsyncReporter    [Thread-8]  z.r.AsyncReporter$BoundedAsyncReporter Timed out waiting for in-flight spans to send
2023-06-21 14:22:41.528 [INFO ] HikariDataSource    [Thread-8]  c.z.h.HikariDataSource HikariPool-1 - Shutdown initiated...
2023-06-21 14:22:41.534 [INFO ] HikariDataSource    [Thread-8]  c.z.h.HikariDataSource HikariPool-1 - Shutdown completed.
2023-06-21 14:22:43.381 [INFO ] ConfigServicePropertySourceLocator    [restartedMain]  o.s.c.c.c.ConfigServicePropertySourceLocator Fetching config from server at : http://localhost:8888
2023-06-21 14:22:43.407 [INFO ] ConfigServicePropertySourceLocator    [restartedMain]  o.s.c.c.c.ConfigServicePropertySourceLocator Connect Timeout Exception on Url - http://localhost:8888. Will be trying the next url if available
2023-06-21 14:22:43.407 [WARN ] ConfigServicePropertySourceLocator    [restartedMain]  o.s.c.c.c.ConfigServicePropertySourceLocator Could not locate PropertySource: I/O error on GET request for "http://localhost:8888/ecausermgmt/default": Connection refused: connect; nested exception is java.net.ConnectException: Connection refused: connect
2023-06-21 14:22:43.408 [INFO ] EcaUserManagementApplication    [restartedMain]  c.e.u.EcaUserManagementApplication The following 1 profile is active: "dev"
2023-06-21 14:22:44.067 [INFO ] RepositoryConfigurationDelegate    [restartedMain]  o.s.d.r.c.RepositoryConfigurationDelegate Multiple Spring Data modules found, entering strict repository configuration mode
2023-06-21 14:22:44.068 [INFO ] RepositoryConfigurationDelegate    [restartedMain]  o.s.d.r.c.RepositoryConfigurationDelegate Bootstrapping Spring Data JPA repositories in DEFAULT mode.
2023-06-21 14:22:44.120 [INFO ] RepositoryConfigurationDelegate    [restartedMain]  o.s.d.r.c.RepositoryConfigurationDelegate Finished Spring Data repository scanning in 52 ms. Found 6 JPA repository interfaces.
2023-06-21 14:22:44.123 [INFO ] RepositoryConfigurationDelegate    [restartedMain]  o.s.d.r.c.RepositoryConfigurationDelegate Multiple Spring Data modules found, entering strict repository configuration mode
2023-06-21 14:22:44.124 [INFO ] RepositoryConfigurationDelegate    [restartedMain]  o.s.d.r.c.RepositoryConfigurationDelegate Bootstrapping Spring Data Redis repositories in DEFAULT mode.
2023-06-21 14:22:44.129 [INFO ] RepositoryConfigurationExtensionSupport    [restartedMain]  o.s.d.r.c.RepositoryConfigurationExtensionSupport Spring Data Redis - Could not safely identify store assignment for repository candidate interface com.eca.usermgmt.repository.OwnerRepository; If you want this repository to be a Redis repository, consider annotating your entities with one of these annotations: org.springframework.data.redis.core.RedisHash (preferred), or consider extending one of the following types with your repository: org.springframework.data.keyvalue.repository.KeyValueRepository
2023-06-21 14:22:44.129 [INFO ] RepositoryConfigurationExtensionSupport    [restartedMain]  o.s.d.r.c.RepositoryConfigurationExtensionSupport Spring Data Redis - Could not safely identify store assignment for repository candidate interface com.eca.usermgmt.repository.PermissionRepository; If you want this repository to be a Redis repository, consider annotating your entities with one of these annotations: org.springframework.data.redis.core.RedisHash (preferred), or consider extending one of the following types with your repository: org.springframework.data.keyvalue.repository.KeyValueRepository
2023-06-21 14:22:44.130 [INFO ] RepositoryConfigurationExtensionSupport    [restartedMain]  o.s.d.r.c.RepositoryConfigurationExtensionSupport Spring Data Redis - Could not safely identify store assignment for repository candidate interface com.eca.usermgmt.repository.RoleRepository; If you want this repository to be a Redis repository, consider annotating your entities with one of these annotations: org.springframework.data.redis.core.RedisHash (preferred), or consider extending one of the following types with your repository: org.springframework.data.keyvalue.repository.KeyValueRepository
2023-06-21 14:22:44.130 [INFO ] RepositoryConfigurationExtensionSupport    [restartedMain]  o.s.d.r.c.RepositoryConfigurationExtensionSupport Spring Data Redis - Could not safely identify store assignment for repository candidate interface com.eca.usermgmt.repository.TenantsRepository; If you want this repository to be a Redis repository, consider annotating your entities with one of these annotations: org.springframework.data.redis.core.RedisHash (preferred), or consider extending one of the following types with your repository: org.springframework.data.keyvalue.repository.KeyValueRepository
2023-06-21 14:22:44.131 [INFO ] RepositoryConfigurationExtensionSupport    [restartedMain]  o.s.d.r.c.RepositoryConfigurationExtensionSupport Spring Data Redis - Could not safely identify store assignment for repository candidate interface com.eca.usermgmt.repository.UserRepository; If you want this repository to be a Redis repository, consider annotating your entities with one of these annotations: org.springframework.data.redis.core.RedisHash (preferred), or consider extending one of the following types with your repository: org.springframework.data.keyvalue.repository.KeyValueRepository
2023-06-21 14:22:44.131 [INFO ] RepositoryConfigurationExtensionSupport    [restartedMain]  o.s.d.r.c.RepositoryConfigurationExtensionSupport Spring Data Redis - Could not safely identify store assignment for repository candidate interface com.eca.usermgmt.repository.VendorRepository; If you want this repository to be a Redis repository, consider annotating your entities with one of these annotations: org.springframework.data.redis.core.RedisHash (preferred), or consider extending one of the following types with your repository: org.springframework.data.keyvalue.repository.KeyValueRepository
2023-06-21 14:22:44.131 [INFO ] RepositoryConfigurationDelegate    [restartedMain]  o.s.d.r.c.RepositoryConfigurationDelegate Finished Spring Data repository scanning in 7 ms. Found 0 Redis repository interfaces.
2023-06-21 14:22:44.356 [INFO ] GenericScope    [restartedMain]  o.s.c.c.s.GenericScope BeanFactory id=bf4491f3-c2d4-34ca-b434-c17efa01f38e
2023-06-21 14:22:44.484 [INFO ] PostProcessorRegistrationDelegate$BeanPostProcessorChecker    [restartedMain]  o.s.c.s.PostProcessorRegistrationDelegate$BeanPostProcessorChecker Bean 'methodSecurityConfiguration' of type [com.eca.usermgmt.config.MethodSecurityConfiguration$$EnhancerBySpringCGLIB$$176250d8] is not eligible for getting processed by all BeanPostProcessors (for example: not eligible for auto-proxying)
2023-06-21 14:22:44.498 [INFO ] PostProcessorRegistrationDelegate$BeanPostProcessorChecker    [restartedMain]  o.s.c.s.PostProcessorRegistrationDelegate$BeanPostProcessorChecker Bean 'customPermissionEvaluator' of type [com.eca.usermgmt.permission.CustomPermissionEvaluator] is not eligible for getting processed by all BeanPostProcessors (for example: not eligible for auto-proxying)
2023-06-21 14:22:44.767 [INFO ] TomcatWebServer    [restartedMain]  o.s.b.w.e.t.TomcatWebServer Tomcat initialized with port(s): 6090 (http)
2023-06-21 14:22:44.767 [INFO ] StandardService    [restartedMain]  o.a.c.c.StandardService Starting service [Tomcat]
2023-06-21 14:22:44.769 [INFO ] StandardEngine    [restartedMain]  o.a.c.c.StandardEngine Starting Servlet engine: [Apache Tomcat/9.0.74]
2023-06-21 14:22:44.827 [INFO ] [/]    [restartedMain]  o.a.c.c.C.[.[.[/] Initializing Spring embedded WebApplicationContext
2023-06-21 14:22:44.828 [INFO ] ServletWebServerApplicationContext    [restartedMain]  o.s.b.w.s.c.ServletWebServerApplicationContext Root WebApplicationContext: initialization completed in 1417 ms
2023-06-21 14:22:45.043 [INFO ] HikariDataSource    [restartedMain]  c.z.h.HikariDataSource HikariPool-2 - Starting...
2023-06-21 14:22:45.046 [INFO ] HikariDataSource    [restartedMain]  c.z.h.HikariDataSource HikariPool-2 - Start completed.
2023-06-21 14:22:45.047 [INFO ] H2ConsoleAutoConfiguration    [restartedMain]  o.s.b.a.h.H2ConsoleAutoConfiguration H2 console available at '/h2-console'. Database available at 'jdbc:h2:mem:ecausermgmt'
2023-06-21 14:22:45.457 [WARN ] ZipkinAutoConfiguration    [pool-7-thread-1]  o.s.c.s.a.z.ZipkinAutoConfiguration Check result of the [RestTemplateSender{http://localhost:9411/api/v2/spans}] contains an error [CheckResult{ok=false, error=org.springframework.web.client.ResourceAccessException: I/O error on POST request for "http://localhost:9411/api/v2/spans": Connection refused: connect; nested exception is java.net.ConnectException: Connection refused: connect}]
2023-06-21 14:22:46.126 [INFO ] LogHelper    [restartedMain]  o.h.j.i.u.LogHelper HHH000204: Processing PersistenceUnitInfo [name: default]
2023-06-21 14:22:46.133 [INFO ] Dialect    [restartedMain]  o.h.d.Dialect HHH000400: Using dialect: org.hibernate.dialect.H2Dialect
2023-06-21 14:22:46.323 [INFO ] JtaPlatformInitiator    [restartedMain]  o.h.e.t.j.p.i.JtaPlatformInitiator HHH000490: Using JtaPlatform implementation: [org.hibernate.engine.transaction.jta.platform.internal.NoJtaPlatform]
2023-06-21 14:22:46.987 [WARN ] JpaBaseConfiguration$JpaWebConfiguration    [restartedMain]  o.s.b.a.o.j.JpaBaseConfiguration$JpaWebConfiguration spring.jpa.open-in-view is enabled by default. Therefore, database queries may be performed during view rendering. Explicitly configure spring.jpa.open-in-view to disable this warning
2023-06-21 14:22:47.040 [INFO ] OptionalLiveReloadServer    [restartedMain]  o.s.b.d.a.OptionalLiveReloadServer LiveReload server is running on port 35729
2023-06-21 14:22:47.302 [INFO ] DefaultSecurityFilterChain    [restartedMain]  o.s.s.w.DefaultSecurityFilterChain Will secure any request with [org.springframework.security.web.session.DisableEncodeUrlFilter@18c18509, org.springframework.security.web.context.request.async.WebAsyncManagerIntegrationFilter@71015174, org.springframework.security.web.context.SecurityContextPersistenceFilter@613e3aa7, org.springframework.security.web.header.HeaderWriterFilter@1ca911f0, org.springframework.security.web.authentication.logout.LogoutFilter@105d5246, com.eca.usermgmt.filter.RequestTokenFilter@374d0fbe, org.springframework.security.web.savedrequest.RequestCacheAwareFilter@2acef436, org.springframework.security.web.servletapi.SecurityContextHolderAwareRequestFilter@120a5b7a, org.springframework.security.web.authentication.AnonymousAuthenticationFilter@53ee1e50, org.springframework.security.web.session.SessionManagementFilter@50c0b1b9, org.springframework.security.web.access.ExceptionTranslationFilter@3073c7a3, org.springframework.security.web.access.intercept.FilterSecurityInterceptor@47be36d3]
2023-06-21 14:22:47.307 [WARN ] WebSecurity    [restartedMain]  o.s.s.c.a.w.b.WebSecurity You are asking Spring Security to ignore Ant [pattern='/swagger-ui/**']. This is not recommended -- please use permitAll via HttpSecurity#authorizeHttpRequests instead.
2023-06-21 14:22:47.308 [INFO ] DefaultSecurityFilterChain    [restartedMain]  o.s.s.w.DefaultSecurityFilterChain Will not secure Ant [pattern='/swagger-ui/**']
2023-06-21 14:22:47.308 [WARN ] WebSecurity    [restartedMain]  o.s.s.c.a.w.b.WebSecurity You are asking Spring Security to ignore Ant [pattern='/swagger-ui.html/**']. This is not recommended -- please use permitAll via HttpSecurity#authorizeHttpRequests instead.
2023-06-21 14:22:47.308 [INFO ] DefaultSecurityFilterChain    [restartedMain]  o.s.s.w.DefaultSecurityFilterChain Will not secure Ant [pattern='/swagger-ui.html/**']
2023-06-21 14:22:47.308 [WARN ] WebSecurity    [restartedMain]  o.s.s.c.a.w.b.WebSecurity You are asking Spring Security to ignore Ant [pattern='/webjars/**']. This is not recommended -- please use permitAll via HttpSecurity#authorizeHttpRequests instead.
2023-06-21 14:22:47.308 [INFO ] DefaultSecurityFilterChain    [restartedMain]  o.s.s.w.DefaultSecurityFilterChain Will not secure Ant [pattern='/webjars/**']
2023-06-21 14:22:47.308 [WARN ] WebSecurity    [restartedMain]  o.s.s.c.a.w.b.WebSecurity You are asking Spring Security to ignore Ant [pattern='/swagger-resources/**']. This is not recommended -- please use permitAll via HttpSecurity#authorizeHttpRequests instead.
2023-06-21 14:22:47.309 [INFO ] DefaultSecurityFilterChain    [restartedMain]  o.s.s.w.DefaultSecurityFilterChain Will not secure Ant [pattern='/swagger-resources/**']
2023-06-21 14:22:47.309 [WARN ] WebSecurity    [restartedMain]  o.s.s.c.a.w.b.WebSecurity You are asking Spring Security to ignore Ant [pattern='/v2/api-docs/**']. This is not recommended -- please use permitAll via HttpSecurity#authorizeHttpRequests instead.
2023-06-21 14:22:47.309 [INFO ] DefaultSecurityFilterChain    [restartedMain]  o.s.s.w.DefaultSecurityFilterChain Will not secure Ant [pattern='/v2/api-docs/**']
2023-06-21 14:22:47.309 [WARN ] WebSecurity    [restartedMain]  o.s.s.c.a.w.b.WebSecurity You are asking Spring Security to ignore Ant [pattern='/swagger-resources/configuration/ui/**']. This is not recommended -- please use permitAll via HttpSecurity#authorizeHttpRequests instead.
2023-06-21 14:22:47.309 [INFO ] DefaultSecurityFilterChain    [restartedMain]  o.s.s.w.DefaultSecurityFilterChain Will not secure Ant [pattern='/swagger-resources/configuration/ui/**']
2023-06-21 14:22:47.309 [WARN ] WebSecurity    [restartedMain]  o.s.s.c.a.w.b.WebSecurity You are asking Spring Security to ignore Ant [pattern='/swagger-resources/configuration/security/**']. This is not recommended -- please use permitAll via HttpSecurity#authorizeHttpRequests instead.
2023-06-21 14:22:47.309 [INFO ] DefaultSecurityFilterChain    [restartedMain]  o.s.s.w.DefaultSecurityFilterChain Will not secure Ant [pattern='/swagger-resources/configuration/security/**']
2023-06-21 14:22:47.309 [WARN ] WebSecurity    [restartedMain]  o.s.s.c.a.w.b.WebSecurity You are asking Spring Security to ignore Ant [pattern='/images/**']. This is not recommended -- please use permitAll via HttpSecurity#authorizeHttpRequests instead.
2023-06-21 14:22:47.310 [INFO ] DefaultSecurityFilterChain    [restartedMain]  o.s.s.w.DefaultSecurityFilterChain Will not secure Ant [pattern='/images/**']
2023-06-21 14:22:47.310 [WARN ] WebSecurity    [restartedMain]  o.s.s.c.a.w.b.WebSecurity You are asking Spring Security to ignore Ant [pattern='/h2-console/**']. This is not recommended -- please use permitAll via HttpSecurity#authorizeHttpRequests instead.
2023-06-21 14:22:47.310 [INFO ] DefaultSecurityFilterChain    [restartedMain]  o.s.s.w.DefaultSecurityFilterChain Will not secure Ant [pattern='/h2-console/**']
2023-06-21 14:22:47.323 [WARN ] AnnotationConfigServletWebServerApplicationContext    [restartedMain]  o.s.b.w.s.c.AnnotationConfigServletWebServerApplicationContext Exception encountered during context initialization - cancelling refresh attempt: org.springframework.beans.factory.UnsatisfiedDependencyException: Error creating bean with name 'commandLineRunner' defined in com.eca.usermgmt.EcaUserManagementApplication: Unsatisfied dependency expressed through method 'commandLineRunner' parameter 1; nested exception is org.springframework.beans.factory.NoSuchBeanDefinitionException: No qualifying bean of type 'com.eca.usermgmt.repository.UserRepository' available: expected at least 1 bean which qualifies as autowire candidate. Dependency annotations: {@org.springframework.beans.factory.annotation.Autowired(required=true)}
2023-06-21 14:22:47.326 [INFO ] SchemaDropperImpl$DelayedDropActionImpl    [restartedMain]  o.h.t.s.i.SchemaDropperImpl$DelayedDropActionImpl HHH000477: Starting delayed evictData of schema as part of SessionFactory shut-down'
2023-06-21 14:22:47.535 [WARN ] DisposableBeanAdapter    [restartedMain]  o.s.b.f.s.DisposableBeanAdapter Invocation of destroy method failed on bean with name 'inMemoryDatabaseShutdownExecutor': org.h2.jdbc.JdbcSQLNonTransientConnectionException: Database is already closed (to disable automatic closing at VM shutdown, add ";DB_CLOSE_ON_EXIT=FALSE" to the db URL) [90121-214]
2023-06-21 14:22:48.545 [WARN ] AsyncReporter$BoundedAsyncReporter    [restartedMain]  z.r.AsyncReporter$BoundedAsyncReporter Timed out waiting for in-flight spans to send
2023-06-21 14:22:48.546 [INFO ] HikariDataSource    [restartedMain]  c.z.h.HikariDataSource HikariPool-2 - Shutdown initiated...
2023-06-21 14:22:48.550 [INFO ] HikariDataSource    [restartedMain]  c.z.h.HikariDataSource HikariPool-2 - Shutdown completed.
2023-06-21 14:22:48.551 [INFO ] StandardService    [restartedMain]  o.a.c.c.StandardService Stopping service [Tomcat]
2023-06-21 14:22:48.568 [INFO ] ConditionEvaluationReportLoggingListener    [restartedMain]  o.s.b.a.l.ConditionEvaluationReportLoggingListener 

Error starting ApplicationContext. To display the conditions report re-run your application with 'debug' enabled.
2023-06-21 14:22:48.624 [ERROR] LoggingFailureAnalysisReporter    [restartedMain]  o.s.b.d.LoggingFailureAnalysisReporter 

***************************
APPLICATION FAILED TO START
***************************

Description:

Parameter 1 of method commandLineRunner in com.eca.usermgmt.EcaUserManagementApplication required a bean of type 'com.eca.usermgmt.repository.UserRepository' that could not be found.

The injection point has the following annotations:
	- @org.springframework.beans.factory.annotation.Autowired(required=true)


Action:

Consider defining a bean of type 'com.eca.usermgmt.repository.UserRepository' in your configuration.

2023-06-21 14:22:51.231 [INFO ] ConfigServicePropertySourceLocator    [restartedMain]  o.s.c.c.c.ConfigServicePropertySourceLocator Fetching config from server at : http://localhost:8888
2023-06-21 14:22:51.236 [INFO ] ConfigServicePropertySourceLocator    [restartedMain]  o.s.c.c.c.ConfigServicePropertySourceLocator Connect Timeout Exception on Url - http://localhost:8888. Will be trying the next url if available
2023-06-21 14:22:51.237 [WARN ] ConfigServicePropertySourceLocator    [restartedMain]  o.s.c.c.c.ConfigServicePropertySourceLocator Could not locate PropertySource: I/O error on GET request for "http://localhost:8888/ecausermgmt/default": Connection refused: connect; nested exception is java.net.ConnectException: Connection refused: connect
2023-06-21 14:22:51.238 [INFO ] EcaUserManagementApplication    [restartedMain]  c.e.u.EcaUserManagementApplication The following 1 profile is active: "dev"
2023-06-21 14:22:52.244 [INFO ] RepositoryConfigurationDelegate    [restartedMain]  o.s.d.r.c.RepositoryConfigurationDelegate Multiple Spring Data modules found, entering strict repository configuration mode
2023-06-21 14:22:52.245 [INFO ] RepositoryConfigurationDelegate    [restartedMain]  o.s.d.r.c.RepositoryConfigurationDelegate Bootstrapping Spring Data JPA repositories in DEFAULT mode.
2023-06-21 14:22:52.304 [INFO ] RepositoryConfigurationDelegate    [restartedMain]  o.s.d.r.c.RepositoryConfigurationDelegate Finished Spring Data repository scanning in 59 ms. Found 6 JPA repository interfaces.
2023-06-21 14:22:52.307 [INFO ] RepositoryConfigurationDelegate    [restartedMain]  o.s.d.r.c.RepositoryConfigurationDelegate Multiple Spring Data modules found, entering strict repository configuration mode
2023-06-21 14:22:52.308 [INFO ] RepositoryConfigurationDelegate    [restartedMain]  o.s.d.r.c.RepositoryConfigurationDelegate Bootstrapping Spring Data Redis repositories in DEFAULT mode.
2023-06-21 14:22:52.315 [INFO ] RepositoryConfigurationExtensionSupport    [restartedMain]  o.s.d.r.c.RepositoryConfigurationExtensionSupport Spring Data Redis - Could not safely identify store assignment for repository candidate interface com.eca.usermgmt.repository.OwnerRepository; If you want this repository to be a Redis repository, consider annotating your entities with one of these annotations: org.springframework.data.redis.core.RedisHash (preferred), or consider extending one of the following types with your repository: org.springframework.data.keyvalue.repository.KeyValueRepository
2023-06-21 14:22:52.315 [INFO ] RepositoryConfigurationExtensionSupport    [restartedMain]  o.s.d.r.c.RepositoryConfigurationExtensionSupport Spring Data Redis - Could not safely identify store assignment for repository candidate interface com.eca.usermgmt.repository.PermissionRepository; If you want this repository to be a Redis repository, consider annotating your entities with one of these annotations: org.springframework.data.redis.core.RedisHash (preferred), or consider extending one of the following types with your repository: org.springframework.data.keyvalue.repository.KeyValueRepository
2023-06-21 14:22:52.317 [INFO ] RepositoryConfigurationExtensionSupport    [restartedMain]  o.s.d.r.c.RepositoryConfigurationExtensionSupport Spring Data Redis - Could not safely identify store assignment for repository candidate interface com.eca.usermgmt.repository.RoleRepository; If you want this repository to be a Redis repository, consider annotating your entities with one of these annotations: org.springframework.data.redis.core.RedisHash (preferred), or consider extending one of the following types with your repository: org.springframework.data.keyvalue.repository.KeyValueRepository
2023-06-21 14:22:52.318 [INFO ] RepositoryConfigurationExtensionSupport    [restartedMain]  o.s.d.r.c.RepositoryConfigurationExtensionSupport Spring Data Redis - Could not safely identify store assignment for repository candidate interface com.eca.usermgmt.repository.TenantsRepository; If you want this repository to be a Redis repository, consider annotating your entities with one of these annotations: org.springframework.data.redis.core.RedisHash (preferred), or consider extending one of the following types with your repository: org.springframework.data.keyvalue.repository.KeyValueRepository
2023-06-21 14:22:52.319 [INFO ] RepositoryConfigurationExtensionSupport    [restartedMain]  o.s.d.r.c.RepositoryConfigurationExtensionSupport Spring Data Redis - Could not safely identify store assignment for repository candidate interface com.eca.usermgmt.repository.UserRepository; If you want this repository to be a Redis repository, consider annotating your entities with one of these annotations: org.springframework.data.redis.core.RedisHash (preferred), or consider extending one of the following types with your repository: org.springframework.data.keyvalue.repository.KeyValueRepository
2023-06-21 14:22:52.320 [INFO ] RepositoryConfigurationExtensionSupport    [restartedMain]  o.s.d.r.c.RepositoryConfigurationExtensionSupport Spring Data Redis - Could not safely identify store assignment for repository candidate interface com.eca.usermgmt.repository.VendorRepository; If you want this repository to be a Redis repository, consider annotating your entities with one of these annotations: org.springframework.data.redis.core.RedisHash (preferred), or consider extending one of the following types with your repository: org.springframework.data.keyvalue.repository.KeyValueRepository
2023-06-21 14:22:52.320 [INFO ] RepositoryConfigurationDelegate    [restartedMain]  o.s.d.r.c.RepositoryConfigurationDelegate Finished Spring Data repository scanning in 11 ms. Found 0 Redis repository interfaces.
2023-06-21 14:22:52.599 [INFO ] GenericScope    [restartedMain]  o.s.c.c.s.GenericScope BeanFactory id=bf4491f3-c2d4-34ca-b434-c17efa01f38e
2023-06-21 14:22:52.695 [INFO ] PostProcessorRegistrationDelegate$BeanPostProcessorChecker    [restartedMain]  o.s.c.s.PostProcessorRegistrationDelegate$BeanPostProcessorChecker Bean 'methodSecurityConfiguration' of type [com.eca.usermgmt.config.MethodSecurityConfiguration$$EnhancerBySpringCGLIB$$176250d8] is not eligible for getting processed by all BeanPostProcessors (for example: not eligible for auto-proxying)
2023-06-21 14:22:52.711 [INFO ] PostProcessorRegistrationDelegate$BeanPostProcessorChecker    [restartedMain]  o.s.c.s.PostProcessorRegistrationDelegate$BeanPostProcessorChecker Bean 'customPermissionEvaluator' of type [com.eca.usermgmt.permission.CustomPermissionEvaluator] is not eligible for getting processed by all BeanPostProcessors (for example: not eligible for auto-proxying)
2023-06-21 14:22:52.946 [INFO ] TomcatWebServer    [restartedMain]  o.s.b.w.e.t.TomcatWebServer Tomcat initialized with port(s): 6090 (http)
2023-06-21 14:22:52.947 [INFO ] StandardService    [restartedMain]  o.a.c.c.StandardService Starting service [Tomcat]
2023-06-21 14:22:52.947 [INFO ] StandardEngine    [restartedMain]  o.a.c.c.StandardEngine Starting Servlet engine: [Apache Tomcat/9.0.74]
2023-06-21 14:22:53.001 [INFO ] [/]    [restartedMain]  o.a.c.c.C.[.[.[/] Initializing Spring embedded WebApplicationContext
2023-06-21 14:22:53.001 [INFO ] ServletWebServerApplicationContext    [restartedMain]  o.s.b.w.s.c.ServletWebServerApplicationContext Root WebApplicationContext: initialization completed in 1759 ms
2023-06-21 14:22:53.225 [INFO ] HikariDataSource    [restartedMain]  c.z.h.HikariDataSource HikariPool-3 - Starting...
2023-06-21 14:22:53.228 [INFO ] HikariDataSource    [restartedMain]  c.z.h.HikariDataSource HikariPool-3 - Start completed.
2023-06-21 14:22:53.229 [INFO ] H2ConsoleAutoConfiguration    [restartedMain]  o.s.b.a.h.H2ConsoleAutoConfiguration H2 console available at '/h2-console'. Database available at 'jdbc:h2:mem:ecausermgmt'
2023-06-21 14:22:53.599 [WARN ] ZipkinAutoConfiguration    [pool-9-thread-1]  o.s.c.s.a.z.ZipkinAutoConfiguration Check result of the [RestTemplateSender{http://localhost:9411/api/v2/spans}] contains an error [CheckResult{ok=false, error=org.springframework.web.client.ResourceAccessException: I/O error on POST request for "http://localhost:9411/api/v2/spans": Connection refused: connect; nested exception is java.net.ConnectException: Connection refused: connect}]
2023-06-21 14:22:54.319 [INFO ] LogHelper    [restartedMain]  o.h.j.i.u.LogHelper HHH000204: Processing PersistenceUnitInfo [name: default]
2023-06-21 14:22:54.328 [INFO ] Dialect    [restartedMain]  o.h.d.Dialect HHH000400: Using dialect: org.hibernate.dialect.H2Dialect
2023-06-21 14:22:54.554 [INFO ] JtaPlatformInitiator    [restartedMain]  o.h.e.t.j.p.i.JtaPlatformInitiator HHH000490: Using JtaPlatform implementation: [org.hibernate.engine.transaction.jta.platform.internal.NoJtaPlatform]
2023-06-21 14:22:55.514 [WARN ] JpaBaseConfiguration$JpaWebConfiguration    [restartedMain]  o.s.b.a.o.j.JpaBaseConfiguration$JpaWebConfiguration spring.jpa.open-in-view is enabled by default. Therefore, database queries may be performed during view rendering. Explicitly configure spring.jpa.open-in-view to disable this warning
2023-06-21 14:22:55.592 [INFO ] OptionalLiveReloadServer    [restartedMain]  o.s.b.d.a.OptionalLiveReloadServer LiveReload server is running on port 35729
2023-06-21 14:22:55.854 [INFO ] DefaultSecurityFilterChain    [restartedMain]  o.s.s.w.DefaultSecurityFilterChain Will secure any request with [org.springframework.security.web.session.DisableEncodeUrlFilter@7cb1b285, org.springframework.security.web.context.request.async.WebAsyncManagerIntegrationFilter@49f3d73e, org.springframework.security.web.context.SecurityContextPersistenceFilter@71b86619, org.springframework.security.web.header.HeaderWriterFilter@5727c901, org.springframework.security.web.authentication.logout.LogoutFilter@1d51e303, com.eca.usermgmt.filter.RequestTokenFilter@7d98a3a5, org.springframework.security.web.savedrequest.RequestCacheAwareFilter@3bb19ca6, org.springframework.security.web.servletapi.SecurityContextHolderAwareRequestFilter@21582b37, org.springframework.security.web.authentication.AnonymousAuthenticationFilter@3a43c9de, org.springframework.security.web.session.SessionManagementFilter@6aa486ed, org.springframework.security.web.access.ExceptionTranslationFilter@7b9388a8, org.springframework.security.web.access.intercept.FilterSecurityInterceptor@6d9db6e1]
2023-06-21 14:22:55.860 [WARN ] WebSecurity    [restartedMain]  o.s.s.c.a.w.b.WebSecurity You are asking Spring Security to ignore Ant [pattern='/swagger-ui/**']. This is not recommended -- please use permitAll via HttpSecurity#authorizeHttpRequests instead.
2023-06-21 14:22:55.861 [INFO ] DefaultSecurityFilterChain    [restartedMain]  o.s.s.w.DefaultSecurityFilterChain Will not secure Ant [pattern='/swagger-ui/**']
2023-06-21 14:22:55.861 [WARN ] WebSecurity    [restartedMain]  o.s.s.c.a.w.b.WebSecurity You are asking Spring Security to ignore Ant [pattern='/swagger-ui.html/**']. This is not recommended -- please use permitAll via HttpSecurity#authorizeHttpRequests instead.
2023-06-21 14:22:55.861 [INFO ] DefaultSecurityFilterChain    [restartedMain]  o.s.s.w.DefaultSecurityFilterChain Will not secure Ant [pattern='/swagger-ui.html/**']
2023-06-21 14:22:55.861 [WARN ] WebSecurity    [restartedMain]  o.s.s.c.a.w.b.WebSecurity You are asking Spring Security to ignore Ant [pattern='/webjars/**']. This is not recommended -- please use permitAll via HttpSecurity#authorizeHttpRequests instead.
2023-06-21 14:22:55.861 [INFO ] DefaultSecurityFilterChain    [restartedMain]  o.s.s.w.DefaultSecurityFilterChain Will not secure Ant [pattern='/webjars/**']
2023-06-21 14:22:55.861 [WARN ] WebSecurity    [restartedMain]  o.s.s.c.a.w.b.WebSecurity You are asking Spring Security to ignore Ant [pattern='/swagger-resources/**']. This is not recommended -- please use permitAll via HttpSecurity#authorizeHttpRequests instead.
2023-06-21 14:22:55.862 [INFO ] DefaultSecurityFilterChain    [restartedMain]  o.s.s.w.DefaultSecurityFilterChain Will not secure Ant [pattern='/swagger-resources/**']
2023-06-21 14:22:55.862 [WARN ] WebSecurity    [restartedMain]  o.s.s.c.a.w.b.WebSecurity You are asking Spring Security to ignore Ant [pattern='/v2/api-docs/**']. This is not recommended -- please use permitAll via HttpSecurity#authorizeHttpRequests instead.
2023-06-21 14:22:55.862 [INFO ] DefaultSecurityFilterChain    [restartedMain]  o.s.s.w.DefaultSecurityFilterChain Will not secure Ant [pattern='/v2/api-docs/**']
2023-06-21 14:22:55.862 [WARN ] WebSecurity    [restartedMain]  o.s.s.c.a.w.b.WebSecurity You are asking Spring Security to ignore Ant [pattern='/swagger-resources/configuration/ui/**']. This is not recommended -- please use permitAll via HttpSecurity#authorizeHttpRequests instead.
2023-06-21 14:22:55.862 [INFO ] DefaultSecurityFilterChain    [restartedMain]  o.s.s.w.DefaultSecurityFilterChain Will not secure Ant [pattern='/swagger-resources/configuration/ui/**']
2023-06-21 14:22:55.862 [WARN ] WebSecurity    [restartedMain]  o.s.s.c.a.w.b.WebSecurity You are asking Spring Security to ignore Ant [pattern='/swagger-resources/configuration/security/**']. This is not recommended -- please use permitAll via HttpSecurity#authorizeHttpRequests instead.
2023-06-21 14:22:55.862 [INFO ] DefaultSecurityFilterChain    [restartedMain]  o.s.s.w.DefaultSecurityFilterChain Will not secure Ant [pattern='/swagger-resources/configuration/security/**']
2023-06-21 14:22:55.862 [WARN ] WebSecurity    [restartedMain]  o.s.s.c.a.w.b.WebSecurity You are asking Spring Security to ignore Ant [pattern='/images/**']. This is not recommended -- please use permitAll via HttpSecurity#authorizeHttpRequests instead.
2023-06-21 14:22:55.862 [INFO ] DefaultSecurityFilterChain    [restartedMain]  o.s.s.w.DefaultSecurityFilterChain Will not secure Ant [pattern='/images/**']
2023-06-21 14:22:55.863 [WARN ] WebSecurity    [restartedMain]  o.s.s.c.a.w.b.WebSecurity You are asking Spring Security to ignore Ant [pattern='/h2-console/**']. This is not recommended -- please use permitAll via HttpSecurity#authorizeHttpRequests instead.
2023-06-21 14:22:55.863 [INFO ] DefaultSecurityFilterChain    [restartedMain]  o.s.s.w.DefaultSecurityFilterChain Will not secure Ant [pattern='/h2-console/**']
2023-06-21 14:22:58.131 [INFO ] DiscoveryClientOptionalArgsConfiguration    [restartedMain]  o.s.c.n.e.c.DiscoveryClientOptionalArgsConfiguration Eureka HTTP Client uses RestTemplate.
2023-06-21 14:22:59.753 [WARN ] LoadBalancerCacheAutoConfiguration$LoadBalancerCaffeineWarnLogger    [restartedMain]  o.s.c.l.c.LoadBalancerCacheAutoConfiguration$LoadBalancerCaffeineWarnLogger Spring Cloud LoadBalancer is currently working with the default cache. While this cache implementation is useful for development and tests, it's recommended to use Caffeine cache in production.You can switch to using Caffeine cache, by adding it and org.springframework.cache.caffeine.CaffeineCacheManager to the classpath.
2023-06-21 14:22:59.933 [INFO ] EndpointLinksResolver    [restartedMain]  o.s.b.a.e.w.EndpointLinksResolver Exposing 25 endpoint(s) beneath base path '/actuator'
2023-06-21 14:23:00.003 [INFO ] TomcatWebServer    [restartedMain]  o.s.b.w.e.t.TomcatWebServer Tomcat started on port(s): 6090 (http) with context path ''
2023-06-21 14:23:00.615 [INFO ] EcaUserManagementApplication    [restartedMain]  c.e.u.EcaUserManagementApplication Started EcaUserManagementApplication in 10.534 seconds (JVM running for 1064.226)
2023-06-21 14:23:00.636 [INFO ] PermissionServiceImpl    [restartedMain]  c.e.u.s.i.PermissionServiceImpl PermissionServiceImpl::createPermissionIfNotFound null
2023-06-21 14:23:00.642 [INFO ] PermissionServiceImpl    [restartedMain]  c.e.u.s.i.PermissionServiceImpl PermissionServiceImpl::createPermissionIfNotFound null
2023-06-21 14:23:00.644 [INFO ] PermissionServiceImpl    [restartedMain]  c.e.u.s.i.PermissionServiceImpl PermissionServiceImpl::createPermissionIfNotFound null
2023-06-21 14:23:00.647 [INFO ] PermissionServiceImpl    [restartedMain]  c.e.u.s.i.PermissionServiceImpl PermissionServiceImpl::createPermissionIfNotFound null
2023-06-21 14:23:00.663 [INFO ] CreateUserUtil    [restartedMain]  c.e.u.u.CreateUserUtil $2a$10$JCKSC6A2kuaQVAYYzslGH.XVS3EaSwE7slnfpHklfc2S18MHiUt/O
2023-06-21 14:23:00.670 [INFO ] RoleServiceImpl    [restartedMain]  c.e.u.s.i.RoleServiceImpl RoleServiceImpl::createIfNotFound null 
2023-06-21 14:23:00.723 [INFO ] CreateUserUtil    [restartedMain]  c.e.u.u.CreateUserUtil User Details User(id=7, createdOn=2023-06-21T14:23:00.719977100, updatedOn=2023-06-21T14:23:00.719977100, version=0, username=mitaligupta@gmail.com, password=$2a$10$JCKSC6A2kuaQVAYYzslGH.XVS3EaSwE7slnfpHklfc2S18MHiUt/O, owner=Owner(id=6, type=null), tenant=null, vendor=null, userPhoneNumber=9590319707, roles=[com.eca.usermgmt.entity.Role@8b95461f], accountNonExpired=true, accountNonLocked=true, credentialsNonExpired=true, enabled=true) 
2023-06-21 14:23:00.729 [INFO ] ConditionEvaluationDeltaLoggingListener    [restartedMain]  o.s.b.d.a.ConditionEvaluationDeltaLoggingListener Condition evaluation unchanged
2023-06-21 17:11:05.178 [WARN ] HikariPool    [HikariPool-3 housekeeper]  c.z.h.p.HikariPool HikariPool-3 - Thread starvation or clock leap detected (housekeeper delta=2h17m11s203ms388s400ns).
2023-06-21 17:27:11.588 [WARN ] HikariPool    [HikariPool-3 housekeeper]  c.z.h.p.HikariPool HikariPool-3 - Thread starvation or clock leap detected (housekeeper delta=6m6s209ms554s600ns).
2023-06-21 17:37:59.311 [INFO ] ZipkinAutoConfiguration    [Thread-18]  o.s.c.s.a.z.ZipkinAutoConfiguration Flushing remaining spans on shutdown
2023-06-21 17:37:59.311 [INFO ] ZipkinAutoConfiguration    [Thread-7]  o.s.c.s.a.z.ZipkinAutoConfiguration Flushing remaining spans on shutdown
2023-06-21 17:37:59.335 [INFO ] ZipkinAutoConfiguration    [Thread-25]  o.s.c.s.a.z.ZipkinAutoConfiguration Flushing remaining spans on shutdown
2023-06-21 17:37:59.843 [INFO ] SchemaDropperImpl$DelayedDropActionImpl    [SpringApplicationShutdownHook]  o.h.t.s.i.SchemaDropperImpl$DelayedDropActionImpl HHH000477: Starting delayed evictData of schema as part of SessionFactory shut-down'
2023-06-21 17:38:00.088 [WARN ] DisposableBeanAdapter    [SpringApplicationShutdownHook]  o.s.b.f.s.DisposableBeanAdapter Invocation of destroy method failed on bean with name 'inMemoryDatabaseShutdownExecutor': org.h2.jdbc.JdbcSQLNonTransientConnectionException: Database is already closed (to disable automatic closing at VM shutdown, add ";DB_CLOSE_ON_EXIT=FALSE" to the db URL) [90121-214]
2023-06-21 17:38:01.102 [INFO ] HikariDataSource    [SpringApplicationShutdownHook]  c.z.h.HikariDataSource HikariPool-3 - Shutdown initiated...
2023-06-21 17:38:01.122 [INFO ] HikariDataSource    [SpringApplicationShutdownHook]  c.z.h.HikariDataSource HikariPool-3 - Shutdown completed.
