2023-06-18 00:21:43.642 [WARN ] HikariPool    [HikariPool-1 housekeeper]  c.z.h.p.HikariPool HikariPool-1 - Thread starvation or clock leap detected (housekeeper delta=26m43s491ms167µs800ns).
2023-06-18 00:27:00.726 [INFO ] LocalDevToolsAutoConfiguration$RestartingClassPathChangeChangedEventListener    [File Watcher]  o.s.b.d.a.LocalDevToolsAutoConfiguration$RestartingClassPathChangeChangedEventListener Restarting due to 97 class path changes (0 additions, 93 deletions, 4 modifications)
2023-06-18 00:27:01.040 [INFO ] StandardService    [Thread-8]  o.a.c.c.StandardService Stopping service [Tomcat]
2023-06-18 00:27:01.040 [INFO ] [/]    [Thread-8]  o.a.c.c.C.[.[.[/] Destroying Spring FrameworkServlet 'dispatcherServlet'
2023-06-18 00:27:01.071 [INFO ] SchemaDropperImpl$DelayedDropActionImpl    [Thread-8]  o.h.t.s.i.SchemaDropperImpl$DelayedDropActionImpl HHH000477: Starting delayed evictData of schema as part of SessionFactory shut-down'
2023-06-18 00:27:01.290 [WARN ] DisposableBeanAdapter    [Thread-8]  o.s.b.f.s.DisposableBeanAdapter Invocation of destroy method failed on bean with name 'inMemoryDatabaseShutdownExecutor': org.h2.jdbc.JdbcSQLNonTransientConnectionException: Database is already closed (to disable automatic closing at VM shutdown, add ";DB_CLOSE_ON_EXIT=FALSE" to the db URL) [90121-214]
2023-06-18 00:27:01.888 [INFO ] HikariDataSource    [Thread-8]  c.z.h.HikariDataSource HikariPool-1 - Shutdown initiated...
2023-06-18 00:27:01.888 [INFO ] HikariDataSource    [Thread-8]  c.z.h.HikariDataSource HikariPool-1 - Shutdown completed.
2023-06-18 00:27:03.127 [INFO ] ConfigServicePropertySourceLocator    [restartedMain]  o.s.c.c.c.ConfigServicePropertySourceLocator Fetching config from server at : http://localhost:8888
2023-06-18 00:27:03.132 [INFO ] ConfigServicePropertySourceLocator    [restartedMain]  o.s.c.c.c.ConfigServicePropertySourceLocator Connect Timeout Exception on Url - http://localhost:8888. Will be trying the next url if available
2023-06-18 00:27:03.132 [WARN ] ConfigServicePropertySourceLocator    [restartedMain]  o.s.c.c.c.ConfigServicePropertySourceLocator Could not locate PropertySource: I/O error on GET request for "http://localhost:8888/ecausermgmt/default": Connection refused: connect; nested exception is java.net.ConnectException: Connection refused: connect
2023-06-18 00:27:03.132 [INFO ] EcaUserManagementApplication    [restartedMain]  c.e.u.EcaUserManagementApplication The following 1 profile is active: "dev"
2023-06-18 00:27:03.871 [INFO ] RepositoryConfigurationDelegate    [restartedMain]  o.s.d.r.c.RepositoryConfigurationDelegate Multiple Spring Data modules found, entering strict repository configuration mode
2023-06-18 00:27:03.871 [INFO ] RepositoryConfigurationDelegate    [restartedMain]  o.s.d.r.c.RepositoryConfigurationDelegate Bootstrapping Spring Data JPA repositories in DEFAULT mode.
2023-06-18 00:27:03.934 [INFO ] RepositoryConfigurationDelegate    [restartedMain]  o.s.d.r.c.RepositoryConfigurationDelegate Finished Spring Data repository scanning in 51 ms. Found 6 JPA repository interfaces.
2023-06-18 00:27:03.934 [INFO ] RepositoryConfigurationDelegate    [restartedMain]  o.s.d.r.c.RepositoryConfigurationDelegate Multiple Spring Data modules found, entering strict repository configuration mode
2023-06-18 00:27:03.934 [INFO ] RepositoryConfigurationDelegate    [restartedMain]  o.s.d.r.c.RepositoryConfigurationDelegate Bootstrapping Spring Data Redis repositories in DEFAULT mode.
2023-06-18 00:27:03.934 [INFO ] RepositoryConfigurationExtensionSupport    [restartedMain]  o.s.d.r.c.RepositoryConfigurationExtensionSupport Spring Data Redis - Could not safely identify store assignment for repository candidate interface com.eca.usermgmt.repository.OwnerRepository; If you want this repository to be a Redis repository, consider annotating your entities with one of these annotations: org.springframework.data.redis.core.RedisHash (preferred), or consider extending one of the following types with your repository: org.springframework.data.keyvalue.repository.KeyValueRepository
2023-06-18 00:27:03.934 [INFO ] RepositoryConfigurationExtensionSupport    [restartedMain]  o.s.d.r.c.RepositoryConfigurationExtensionSupport Spring Data Redis - Could not safely identify store assignment for repository candidate interface com.eca.usermgmt.repository.PermissionRepository; If you want this repository to be a Redis repository, consider annotating your entities with one of these annotations: org.springframework.data.redis.core.RedisHash (preferred), or consider extending one of the following types with your repository: org.springframework.data.keyvalue.repository.KeyValueRepository
2023-06-18 00:27:03.934 [INFO ] RepositoryConfigurationExtensionSupport    [restartedMain]  o.s.d.r.c.RepositoryConfigurationExtensionSupport Spring Data Redis - Could not safely identify store assignment for repository candidate interface com.eca.usermgmt.repository.RoleRepository; If you want this repository to be a Redis repository, consider annotating your entities with one of these annotations: org.springframework.data.redis.core.RedisHash (preferred), or consider extending one of the following types with your repository: org.springframework.data.keyvalue.repository.KeyValueRepository
2023-06-18 00:27:03.934 [INFO ] RepositoryConfigurationExtensionSupport    [restartedMain]  o.s.d.r.c.RepositoryConfigurationExtensionSupport Spring Data Redis - Could not safely identify store assignment for repository candidate interface com.eca.usermgmt.repository.TenantsRepository; If you want this repository to be a Redis repository, consider annotating your entities with one of these annotations: org.springframework.data.redis.core.RedisHash (preferred), or consider extending one of the following types with your repository: org.springframework.data.keyvalue.repository.KeyValueRepository
2023-06-18 00:27:03.934 [INFO ] RepositoryConfigurationExtensionSupport    [restartedMain]  o.s.d.r.c.RepositoryConfigurationExtensionSupport Spring Data Redis - Could not safely identify store assignment for repository candidate interface com.eca.usermgmt.repository.UserRepository; If you want this repository to be a Redis repository, consider annotating your entities with one of these annotations: org.springframework.data.redis.core.RedisHash (preferred), or consider extending one of the following types with your repository: org.springframework.data.keyvalue.repository.KeyValueRepository
2023-06-18 00:27:03.950 [INFO ] RepositoryConfigurationExtensionSupport    [restartedMain]  o.s.d.r.c.RepositoryConfigurationExtensionSupport Spring Data Redis - Could not safely identify store assignment for repository candidate interface com.eca.usermgmt.repository.VendorRepository; If you want this repository to be a Redis repository, consider annotating your entities with one of these annotations: org.springframework.data.redis.core.RedisHash (preferred), or consider extending one of the following types with your repository: org.springframework.data.keyvalue.repository.KeyValueRepository
2023-06-18 00:27:03.950 [INFO ] RepositoryConfigurationDelegate    [restartedMain]  o.s.d.r.c.RepositoryConfigurationDelegate Finished Spring Data repository scanning in 8 ms. Found 0 Redis repository interfaces.
2023-06-18 00:27:04.233 [INFO ] GenericScope    [restartedMain]  o.s.c.c.s.GenericScope BeanFactory id=13f93dd4-1a8f-3f48-a0a3-38c1bb528ad0
2023-06-18 00:27:04.363 [INFO ] PostProcessorRegistrationDelegate$BeanPostProcessorChecker    [restartedMain]  o.s.c.s.PostProcessorRegistrationDelegate$BeanPostProcessorChecker Bean 'methodSecurityConfiguration' of type [com.eca.usermgmt.config.MethodSecurityConfiguration$$EnhancerBySpringCGLIB$$6e8af9f3] is not eligible for getting processed by all BeanPostProcessors (for example: not eligible for auto-proxying)
2023-06-18 00:27:04.379 [INFO ] PostProcessorRegistrationDelegate$BeanPostProcessorChecker    [restartedMain]  o.s.c.s.PostProcessorRegistrationDelegate$BeanPostProcessorChecker Bean 'customPermissionEvaluator' of type [com.eca.usermgmt.permission.CustomPermissionEvaluator] is not eligible for getting processed by all BeanPostProcessors (for example: not eligible for auto-proxying)
2023-06-18 00:27:04.661 [INFO ] TomcatWebServer    [restartedMain]  o.s.b.w.e.t.TomcatWebServer Tomcat initialized with port(s): 6090 (http)
2023-06-18 00:27:04.661 [INFO ] StandardService    [restartedMain]  o.a.c.c.StandardService Starting service [Tomcat]
2023-06-18 00:27:04.661 [INFO ] StandardEngine    [restartedMain]  o.a.c.c.StandardEngine Starting Servlet engine: [Apache Tomcat/9.0.74]
2023-06-18 00:27:04.724 [INFO ] [/]    [restartedMain]  o.a.c.c.C.[.[.[/] Initializing Spring embedded WebApplicationContext
2023-06-18 00:27:04.724 [INFO ] ServletWebServerApplicationContext    [restartedMain]  o.s.b.w.s.c.ServletWebServerApplicationContext Root WebApplicationContext: initialization completed in 1592 ms
2023-06-18 00:27:04.945 [INFO ] HikariDataSource    [restartedMain]  c.z.h.HikariDataSource HikariPool-2 - Starting...
2023-06-18 00:27:04.945 [INFO ] HikariDataSource    [restartedMain]  c.z.h.HikariDataSource HikariPool-2 - Start completed.
2023-06-18 00:27:04.945 [INFO ] H2ConsoleAutoConfiguration    [restartedMain]  o.s.b.a.h.H2ConsoleAutoConfiguration H2 console available at '/h2-console'. Database available at 'jdbc:h2:mem:ecausermgmt'
2023-06-18 00:27:05.306 [WARN ] ZipkinAutoConfiguration    [pool-7-thread-1]  o.s.c.s.a.z.ZipkinAutoConfiguration Check result of the [RestTemplateSender{http://localhost:9411/api/v2/spans}] contains an error [CheckResult{ok=false, error=org.springframework.web.client.ResourceAccessException: I/O error on POST request for "http://localhost:9411/api/v2/spans": Connection refused: connect; nested exception is java.net.ConnectException: Connection refused: connect}]
2023-06-18 00:27:05.986 [INFO ] LogHelper    [restartedMain]  o.h.j.i.u.LogHelper HHH000204: Processing PersistenceUnitInfo [name: default]
2023-06-18 00:27:06.002 [INFO ] Dialect    [restartedMain]  o.h.d.Dialect HHH000400: Using dialect: org.hibernate.dialect.H2Dialect
2023-06-18 00:27:06.232 [INFO ] JtaPlatformInitiator    [restartedMain]  o.h.e.t.j.p.i.JtaPlatformInitiator HHH000490: Using JtaPlatform implementation: [org.hibernate.engine.transaction.jta.platform.internal.NoJtaPlatform]
2023-06-18 00:27:06.269 [WARN ] AnnotationConfigServletWebServerApplicationContext    [restartedMain]  o.s.b.w.s.c.AnnotationConfigServletWebServerApplicationContext Exception encountered during context initialization - cancelling refresh attempt: org.springframework.beans.factory.UnsatisfiedDependencyException: Error creating bean with name 'registrationController': Unsatisfied dependency expressed through field 'registrationService'; nested exception is org.springframework.beans.factory.NoSuchBeanDefinitionException: No qualifying bean of type 'com.eca.usermgmt.service.RegistrationService' available: expected at least 1 bean which qualifies as autowire candidate. Dependency annotations: {@org.springframework.beans.factory.annotation.Autowired(required=true)}
2023-06-18 00:27:06.269 [INFO ] SchemaDropperImpl$DelayedDropActionImpl    [restartedMain]  o.h.t.s.i.SchemaDropperImpl$DelayedDropActionImpl HHH000477: Starting delayed evictData of schema as part of SessionFactory shut-down'
2023-06-18 00:27:06.477 [WARN ] DisposableBeanAdapter    [restartedMain]  o.s.b.f.s.DisposableBeanAdapter Invocation of destroy method failed on bean with name 'inMemoryDatabaseShutdownExecutor': org.h2.jdbc.JdbcSQLNonTransientConnectionException: Database is already closed (to disable automatic closing at VM shutdown, add ";DB_CLOSE_ON_EXIT=FALSE" to the db URL) [90121-214]
2023-06-18 00:27:07.486 [WARN ] AsyncReporter$BoundedAsyncReporter    [restartedMain]  z.r.AsyncReporter$BoundedAsyncReporter Timed out waiting for in-flight spans to send
2023-06-18 00:27:07.486 [INFO ] HikariDataSource    [restartedMain]  c.z.h.HikariDataSource HikariPool-2 - Shutdown initiated...
2023-06-18 00:27:07.486 [INFO ] HikariDataSource    [restartedMain]  c.z.h.HikariDataSource HikariPool-2 - Shutdown completed.
2023-06-18 00:27:07.486 [INFO ] StandardService    [restartedMain]  o.a.c.c.StandardService Stopping service [Tomcat]
2023-06-18 00:27:07.502 [INFO ] ConditionEvaluationReportLoggingListener    [restartedMain]  o.s.b.a.l.ConditionEvaluationReportLoggingListener 

Error starting ApplicationContext. To display the conditions report re-run your application with 'debug' enabled.
2023-06-18 00:27:07.565 [ERROR] LoggingFailureAnalysisReporter    [restartedMain]  o.s.b.d.LoggingFailureAnalysisReporter 

***************************
APPLICATION FAILED TO START
***************************

Description:

Field registrationService in com.eca.usermgmt.controller.RegistrationController required a bean of type 'com.eca.usermgmt.service.RegistrationService' that could not be found.

The injection point has the following annotations:
	- @org.springframework.beans.factory.annotation.Autowired(required=true)


Action:

Consider defining a bean of type 'com.eca.usermgmt.service.RegistrationService' in your configuration.

2023-06-18 00:27:10.353 [INFO ] ConfigServicePropertySourceLocator    [restartedMain]  o.s.c.c.c.ConfigServicePropertySourceLocator Fetching config from server at : http://localhost:8888
2023-06-18 00:27:10.353 [INFO ] ConfigServicePropertySourceLocator    [restartedMain]  o.s.c.c.c.ConfigServicePropertySourceLocator Connect Timeout Exception on Url - http://localhost:8888. Will be trying the next url if available
2023-06-18 00:27:10.353 [WARN ] ConfigServicePropertySourceLocator    [restartedMain]  o.s.c.c.c.ConfigServicePropertySourceLocator Could not locate PropertySource: I/O error on GET request for "http://localhost:8888/ecausermgmt/default": Connection refused: connect; nested exception is java.net.ConnectException: Connection refused: connect
2023-06-18 00:27:10.353 [INFO ] EcaUserManagementApplication    [restartedMain]  c.e.u.EcaUserManagementApplication The following 1 profile is active: "dev"
2023-06-18 00:27:11.262 [INFO ] RepositoryConfigurationDelegate    [restartedMain]  o.s.d.r.c.RepositoryConfigurationDelegate Multiple Spring Data modules found, entering strict repository configuration mode
2023-06-18 00:27:11.262 [INFO ] RepositoryConfigurationDelegate    [restartedMain]  o.s.d.r.c.RepositoryConfigurationDelegate Bootstrapping Spring Data JPA repositories in DEFAULT mode.
2023-06-18 00:27:11.357 [INFO ] RepositoryConfigurationDelegate    [restartedMain]  o.s.d.r.c.RepositoryConfigurationDelegate Finished Spring Data repository scanning in 98 ms. Found 6 JPA repository interfaces.
2023-06-18 00:27:11.357 [INFO ] RepositoryConfigurationDelegate    [restartedMain]  o.s.d.r.c.RepositoryConfigurationDelegate Multiple Spring Data modules found, entering strict repository configuration mode
2023-06-18 00:27:11.357 [INFO ] RepositoryConfigurationDelegate    [restartedMain]  o.s.d.r.c.RepositoryConfigurationDelegate Bootstrapping Spring Data Redis repositories in DEFAULT mode.
2023-06-18 00:27:11.373 [INFO ] RepositoryConfigurationExtensionSupport    [restartedMain]  o.s.d.r.c.RepositoryConfigurationExtensionSupport Spring Data Redis - Could not safely identify store assignment for repository candidate interface com.eca.usermgmt.repository.OwnerRepository; If you want this repository to be a Redis repository, consider annotating your entities with one of these annotations: org.springframework.data.redis.core.RedisHash (preferred), or consider extending one of the following types with your repository: org.springframework.data.keyvalue.repository.KeyValueRepository
2023-06-18 00:27:11.373 [INFO ] RepositoryConfigurationExtensionSupport    [restartedMain]  o.s.d.r.c.RepositoryConfigurationExtensionSupport Spring Data Redis - Could not safely identify store assignment for repository candidate interface com.eca.usermgmt.repository.PermissionRepository; If you want this repository to be a Redis repository, consider annotating your entities with one of these annotations: org.springframework.data.redis.core.RedisHash (preferred), or consider extending one of the following types with your repository: org.springframework.data.keyvalue.repository.KeyValueRepository
2023-06-18 00:27:11.373 [INFO ] RepositoryConfigurationExtensionSupport    [restartedMain]  o.s.d.r.c.RepositoryConfigurationExtensionSupport Spring Data Redis - Could not safely identify store assignment for repository candidate interface com.eca.usermgmt.repository.RoleRepository; If you want this repository to be a Redis repository, consider annotating your entities with one of these annotations: org.springframework.data.redis.core.RedisHash (preferred), or consider extending one of the following types with your repository: org.springframework.data.keyvalue.repository.KeyValueRepository
2023-06-18 00:27:11.373 [INFO ] RepositoryConfigurationExtensionSupport    [restartedMain]  o.s.d.r.c.RepositoryConfigurationExtensionSupport Spring Data Redis - Could not safely identify store assignment for repository candidate interface com.eca.usermgmt.repository.TenantsRepository; If you want this repository to be a Redis repository, consider annotating your entities with one of these annotations: org.springframework.data.redis.core.RedisHash (preferred), or consider extending one of the following types with your repository: org.springframework.data.keyvalue.repository.KeyValueRepository
2023-06-18 00:27:11.373 [INFO ] RepositoryConfigurationExtensionSupport    [restartedMain]  o.s.d.r.c.RepositoryConfigurationExtensionSupport Spring Data Redis - Could not safely identify store assignment for repository candidate interface com.eca.usermgmt.repository.UserRepository; If you want this repository to be a Redis repository, consider annotating your entities with one of these annotations: org.springframework.data.redis.core.RedisHash (preferred), or consider extending one of the following types with your repository: org.springframework.data.keyvalue.repository.KeyValueRepository
2023-06-18 00:27:11.373 [INFO ] RepositoryConfigurationExtensionSupport    [restartedMain]  o.s.d.r.c.RepositoryConfigurationExtensionSupport Spring Data Redis - Could not safely identify store assignment for repository candidate interface com.eca.usermgmt.repository.VendorRepository; If you want this repository to be a Redis repository, consider annotating your entities with one of these annotations: org.springframework.data.redis.core.RedisHash (preferred), or consider extending one of the following types with your repository: org.springframework.data.keyvalue.repository.KeyValueRepository
2023-06-18 00:27:11.373 [INFO ] RepositoryConfigurationDelegate    [restartedMain]  o.s.d.r.c.RepositoryConfigurationDelegate Finished Spring Data repository scanning in 17 ms. Found 0 Redis repository interfaces.
2023-06-18 00:27:11.686 [INFO ] GenericScope    [restartedMain]  o.s.c.c.s.GenericScope BeanFactory id=bf4491f3-c2d4-34ca-b434-c17efa01f38e
2023-06-18 00:27:11.796 [INFO ] PostProcessorRegistrationDelegate$BeanPostProcessorChecker    [restartedMain]  o.s.c.s.PostProcessorRegistrationDelegate$BeanPostProcessorChecker Bean 'methodSecurityConfiguration' of type [com.eca.usermgmt.config.MethodSecurityConfiguration$$EnhancerBySpringCGLIB$$6e8af9f3] is not eligible for getting processed by all BeanPostProcessors (for example: not eligible for auto-proxying)
2023-06-18 00:27:11.812 [INFO ] PostProcessorRegistrationDelegate$BeanPostProcessorChecker    [restartedMain]  o.s.c.s.PostProcessorRegistrationDelegate$BeanPostProcessorChecker Bean 'customPermissionEvaluator' of type [com.eca.usermgmt.permission.CustomPermissionEvaluator] is not eligible for getting processed by all BeanPostProcessors (for example: not eligible for auto-proxying)
2023-06-18 00:27:12.109 [INFO ] TomcatWebServer    [restartedMain]  o.s.b.w.e.t.TomcatWebServer Tomcat initialized with port(s): 6090 (http)
2023-06-18 00:27:12.109 [INFO ] StandardService    [restartedMain]  o.a.c.c.StandardService Starting service [Tomcat]
2023-06-18 00:27:12.109 [INFO ] StandardEngine    [restartedMain]  o.a.c.c.StandardEngine Starting Servlet engine: [Apache Tomcat/9.0.74]
2023-06-18 00:27:12.172 [INFO ] [/]    [restartedMain]  o.a.c.c.C.[.[.[/] Initializing Spring embedded WebApplicationContext
2023-06-18 00:27:12.172 [INFO ] ServletWebServerApplicationContext    [restartedMain]  o.s.b.w.s.c.ServletWebServerApplicationContext Root WebApplicationContext: initialization completed in 1819 ms
2023-06-18 00:27:12.428 [INFO ] HikariDataSource    [restartedMain]  c.z.h.HikariDataSource HikariPool-3 - Starting...
2023-06-18 00:27:12.428 [INFO ] HikariDataSource    [restartedMain]  c.z.h.HikariDataSource HikariPool-3 - Start completed.
2023-06-18 00:27:12.428 [INFO ] H2ConsoleAutoConfiguration    [restartedMain]  o.s.b.a.h.H2ConsoleAutoConfiguration H2 console available at '/h2-console'. Database available at 'jdbc:h2:mem:ecausermgmt'
2023-06-18 00:27:12.836 [WARN ] ZipkinAutoConfiguration    [pool-9-thread-1]  o.s.c.s.a.z.ZipkinAutoConfiguration Check result of the [RestTemplateSender{http://localhost:9411/api/v2/spans}] contains an error [CheckResult{ok=false, error=org.springframework.web.client.ResourceAccessException: I/O error on POST request for "http://localhost:9411/api/v2/spans": Connection refused: connect; nested exception is java.net.ConnectException: Connection refused: connect}]
2023-06-18 00:27:13.590 [INFO ] LogHelper    [restartedMain]  o.h.j.i.u.LogHelper HHH000204: Processing PersistenceUnitInfo [name: default]
2023-06-18 00:27:13.590 [INFO ] Dialect    [restartedMain]  o.h.d.Dialect HHH000400: Using dialect: org.hibernate.dialect.H2Dialect
2023-06-18 00:27:13.794 [INFO ] JtaPlatformInitiator    [restartedMain]  o.h.e.t.j.p.i.JtaPlatformInitiator HHH000490: Using JtaPlatform implementation: [org.hibernate.engine.transaction.jta.platform.internal.NoJtaPlatform]
2023-06-18 00:27:14.859 [WARN ] JpaBaseConfiguration$JpaWebConfiguration    [restartedMain]  o.s.b.a.o.j.JpaBaseConfiguration$JpaWebConfiguration spring.jpa.open-in-view is enabled by default. Therefore, database queries may be performed during view rendering. Explicitly configure spring.jpa.open-in-view to disable this warning
2023-06-18 00:27:14.922 [INFO ] OptionalLiveReloadServer    [restartedMain]  o.s.b.d.a.OptionalLiveReloadServer LiveReload server is running on port 35729
2023-06-18 00:27:15.268 [INFO ] DefaultSecurityFilterChain    [restartedMain]  o.s.s.w.DefaultSecurityFilterChain Will secure any request with [org.springframework.security.web.session.DisableEncodeUrlFilter@c8fc3e2, org.springframework.security.web.context.request.async.WebAsyncManagerIntegrationFilter@615d6eec, org.springframework.security.web.context.SecurityContextPersistenceFilter@e27f169, org.springframework.security.web.header.HeaderWriterFilter@6d02ea2b, org.springframework.security.web.authentication.logout.LogoutFilter@17749f33, com.eca.usermgmt.filter.RequestTokenFilter@5452784b, org.springframework.security.web.savedrequest.RequestCacheAwareFilter@338570fd, org.springframework.security.web.servletapi.SecurityContextHolderAwareRequestFilter@311e0867, org.springframework.security.web.authentication.AnonymousAuthenticationFilter@40f6f83, org.springframework.security.web.session.SessionManagementFilter@74d3cac6, org.springframework.security.web.access.ExceptionTranslationFilter@2a4c8f68, org.springframework.security.web.access.intercept.FilterSecurityInterceptor@41bb2905]
2023-06-18 00:27:15.300 [WARN ] WebSecurity    [restartedMain]  o.s.s.c.a.w.b.WebSecurity You are asking Spring Security to ignore Ant [pattern='/swagger-ui/**']. This is not recommended -- please use permitAll via HttpSecurity#authorizeHttpRequests instead.
2023-06-18 00:27:15.300 [INFO ] DefaultSecurityFilterChain    [restartedMain]  o.s.s.w.DefaultSecurityFilterChain Will not secure Ant [pattern='/swagger-ui/**']
2023-06-18 00:27:15.300 [WARN ] WebSecurity    [restartedMain]  o.s.s.c.a.w.b.WebSecurity You are asking Spring Security to ignore Ant [pattern='/swagger-ui.html/**']. This is not recommended -- please use permitAll via HttpSecurity#authorizeHttpRequests instead.
2023-06-18 00:27:15.300 [INFO ] DefaultSecurityFilterChain    [restartedMain]  o.s.s.w.DefaultSecurityFilterChain Will not secure Ant [pattern='/swagger-ui.html/**']
2023-06-18 00:27:15.300 [WARN ] WebSecurity    [restartedMain]  o.s.s.c.a.w.b.WebSecurity You are asking Spring Security to ignore Ant [pattern='/webjars/**']. This is not recommended -- please use permitAll via HttpSecurity#authorizeHttpRequests instead.
2023-06-18 00:27:15.300 [INFO ] DefaultSecurityFilterChain    [restartedMain]  o.s.s.w.DefaultSecurityFilterChain Will not secure Ant [pattern='/webjars/**']
2023-06-18 00:27:15.300 [WARN ] WebSecurity    [restartedMain]  o.s.s.c.a.w.b.WebSecurity You are asking Spring Security to ignore Ant [pattern='/swagger-resources/**']. This is not recommended -- please use permitAll via HttpSecurity#authorizeHttpRequests instead.
2023-06-18 00:27:15.300 [INFO ] DefaultSecurityFilterChain    [restartedMain]  o.s.s.w.DefaultSecurityFilterChain Will not secure Ant [pattern='/swagger-resources/**']
2023-06-18 00:27:15.300 [WARN ] WebSecurity    [restartedMain]  o.s.s.c.a.w.b.WebSecurity You are asking Spring Security to ignore Ant [pattern='/v2/api-docs/**']. This is not recommended -- please use permitAll via HttpSecurity#authorizeHttpRequests instead.
2023-06-18 00:27:15.300 [INFO ] DefaultSecurityFilterChain    [restartedMain]  o.s.s.w.DefaultSecurityFilterChain Will not secure Ant [pattern='/v2/api-docs/**']
2023-06-18 00:27:15.300 [WARN ] WebSecurity    [restartedMain]  o.s.s.c.a.w.b.WebSecurity You are asking Spring Security to ignore Ant [pattern='/swagger-resources/configuration/ui/**']. This is not recommended -- please use permitAll via HttpSecurity#authorizeHttpRequests instead.
2023-06-18 00:27:15.300 [INFO ] DefaultSecurityFilterChain    [restartedMain]  o.s.s.w.DefaultSecurityFilterChain Will not secure Ant [pattern='/swagger-resources/configuration/ui/**']
2023-06-18 00:27:15.300 [WARN ] WebSecurity    [restartedMain]  o.s.s.c.a.w.b.WebSecurity You are asking Spring Security to ignore Ant [pattern='/swagger-resources/configuration/security/**']. This is not recommended -- please use permitAll via HttpSecurity#authorizeHttpRequests instead.
2023-06-18 00:27:15.300 [INFO ] DefaultSecurityFilterChain    [restartedMain]  o.s.s.w.DefaultSecurityFilterChain Will not secure Ant [pattern='/swagger-resources/configuration/security/**']
2023-06-18 00:27:15.300 [WARN ] WebSecurity    [restartedMain]  o.s.s.c.a.w.b.WebSecurity You are asking Spring Security to ignore Ant [pattern='/images/**']. This is not recommended -- please use permitAll via HttpSecurity#authorizeHttpRequests instead.
2023-06-18 00:27:15.300 [INFO ] DefaultSecurityFilterChain    [restartedMain]  o.s.s.w.DefaultSecurityFilterChain Will not secure Ant [pattern='/images/**']
2023-06-18 00:27:15.300 [WARN ] WebSecurity    [restartedMain]  o.s.s.c.a.w.b.WebSecurity You are asking Spring Security to ignore Ant [pattern='/h2-console/**']. This is not recommended -- please use permitAll via HttpSecurity#authorizeHttpRequests instead.
2023-06-18 00:27:15.300 [INFO ] DefaultSecurityFilterChain    [restartedMain]  o.s.s.w.DefaultSecurityFilterChain Will not secure Ant [pattern='/h2-console/**']
2023-06-18 00:27:21.075 [INFO ] DiscoveryClientOptionalArgsConfiguration    [restartedMain]  o.s.c.n.e.c.DiscoveryClientOptionalArgsConfiguration Eureka HTTP Client uses RestTemplate.
2023-06-18 00:27:22.839 [WARN ] LoadBalancerCacheAutoConfiguration$LoadBalancerCaffeineWarnLogger    [restartedMain]  o.s.c.l.c.LoadBalancerCacheAutoConfiguration$LoadBalancerCaffeineWarnLogger Spring Cloud LoadBalancer is currently working with the default cache. While this cache implementation is useful for development and tests, it's recommended to use Caffeine cache in production.You can switch to using Caffeine cache, by adding it and org.springframework.cache.caffeine.CaffeineCacheManager to the classpath.
2023-06-18 00:27:23.052 [INFO ] EndpointLinksResolver    [restartedMain]  o.s.b.a.e.w.EndpointLinksResolver Exposing 25 endpoint(s) beneath base path '/actuator'
2023-06-18 00:27:23.150 [INFO ] TomcatWebServer    [restartedMain]  o.s.b.w.e.t.TomcatWebServer Tomcat started on port(s): 6090 (http) with context path ''
2023-06-18 00:27:23.850 [INFO ] EcaUserManagementApplication    [restartedMain]  c.e.u.EcaUserManagementApplication Started EcaUserManagementApplication in 14.821 seconds (JVM running for 4002.389)
2023-06-18 00:27:23.889 [INFO ] PermissionServiceImpl    [restartedMain]  c.e.u.s.i.PermissionServiceImpl PermissionServiceImpl::createPermissionIfNotFound null
2023-06-18 00:27:23.897 [INFO ] PermissionServiceImpl    [restartedMain]  c.e.u.s.i.PermissionServiceImpl PermissionServiceImpl::createPermissionIfNotFound null
2023-06-18 00:27:23.902 [INFO ] PermissionServiceImpl    [restartedMain]  c.e.u.s.i.PermissionServiceImpl PermissionServiceImpl::createPermissionIfNotFound null
2023-06-18 00:27:23.907 [INFO ] PermissionServiceImpl    [restartedMain]  c.e.u.s.i.PermissionServiceImpl PermissionServiceImpl::createPermissionIfNotFound null
2023-06-18 00:27:23.927 [INFO ] CreateUserUtil    [restartedMain]  c.e.u.u.CreateUserUtil $2a$10$JCKSC6A2kuaQVAYYzslGH.XVS3EaSwE7slnfpHklfc2S18MHiUt/O
2023-06-18 00:27:23.944 [INFO ] RoleServiceImpl    [restartedMain]  c.e.u.s.i.RoleServiceImpl RoleServiceImpl::createIfNotFound null 
2023-06-18 00:27:24.011 [INFO ] CreateUserUtil    [restartedMain]  c.e.u.u.CreateUserUtil User Details User(id=7, createdOn=2023-06-18T00:27:24.006812200, updatedOn=2023-06-18T00:27:24.006812200, version=0, username=mitaligupta@gmail.com, password=$2a$10$JCKSC6A2kuaQVAYYzslGH.XVS3EaSwE7slnfpHklfc2S18MHiUt/O, owner=Owner(id=6, type=null), tenant=null, vendor=null, userPhoneNumber=9590319707, roles=[com.eca.usermgmt.entity.Role@a6401fc2], accountNonExpired=true, accountNonLocked=true, credentialsNonExpired=true, enabled=true) 
2023-06-18 00:27:24.057 [INFO ] ConditionEvaluationDeltaLoggingListener    [restartedMain]  o.s.b.d.a.ConditionEvaluationDeltaLoggingListener Condition evaluation unchanged
2023-06-18 00:36:29.037 [INFO ] LocalDevToolsAutoConfiguration$RestartingClassPathChangeChangedEventListener    [File Watcher]  o.s.b.d.a.LocalDevToolsAutoConfiguration$RestartingClassPathChangeChangedEventListener Restarting due to 97 class path changes (0 additions, 93 deletions, 4 modifications)
2023-06-18 00:36:29.367 [INFO ] StandardService    [Thread-13]  o.a.c.c.StandardService Stopping service [Tomcat]
2023-06-18 00:36:29.383 [INFO ] SchemaDropperImpl$DelayedDropActionImpl    [Thread-13]  o.h.t.s.i.SchemaDropperImpl$DelayedDropActionImpl HHH000477: Starting delayed evictData of schema as part of SessionFactory shut-down'
2023-06-18 00:36:29.602 [WARN ] DisposableBeanAdapter    [Thread-13]  o.s.b.f.s.DisposableBeanAdapter Invocation of destroy method failed on bean with name 'inMemoryDatabaseShutdownExecutor': org.h2.jdbc.JdbcSQLNonTransientConnectionException: Database is already closed (to disable automatic closing at VM shutdown, add ";DB_CLOSE_ON_EXIT=FALSE" to the db URL) [90121-214]
2023-06-18 00:36:30.612 [WARN ] AsyncReporter$BoundedAsyncReporter    [Thread-13]  z.r.AsyncReporter$BoundedAsyncReporter Timed out waiting for in-flight spans to send
2023-06-18 00:36:30.612 [INFO ] HikariDataSource    [Thread-13]  c.z.h.HikariDataSource HikariPool-3 - Shutdown initiated...
2023-06-18 00:36:30.612 [INFO ] HikariDataSource    [Thread-13]  c.z.h.HikariDataSource HikariPool-3 - Shutdown completed.
2023-06-18 00:36:31.806 [INFO ] ConfigServicePropertySourceLocator    [restartedMain]  o.s.c.c.c.ConfigServicePropertySourceLocator Fetching config from server at : http://localhost:8888
2023-06-18 00:36:31.822 [INFO ] ConfigServicePropertySourceLocator    [restartedMain]  o.s.c.c.c.ConfigServicePropertySourceLocator Connect Timeout Exception on Url - http://localhost:8888. Will be trying the next url if available
2023-06-18 00:36:31.822 [WARN ] ConfigServicePropertySourceLocator    [restartedMain]  o.s.c.c.c.ConfigServicePropertySourceLocator Could not locate PropertySource: I/O error on GET request for "http://localhost:8888/ecausermgmt/default": Connection refused: connect; nested exception is java.net.ConnectException: Connection refused: connect
2023-06-18 00:36:31.822 [INFO ] EcaUserManagementApplication    [restartedMain]  c.e.u.EcaUserManagementApplication The following 1 profile is active: "dev"
2023-06-18 00:36:32.378 [INFO ] RepositoryConfigurationDelegate    [restartedMain]  o.s.d.r.c.RepositoryConfigurationDelegate Multiple Spring Data modules found, entering strict repository configuration mode
2023-06-18 00:36:32.378 [INFO ] RepositoryConfigurationDelegate    [restartedMain]  o.s.d.r.c.RepositoryConfigurationDelegate Bootstrapping Spring Data JPA repositories in DEFAULT mode.
2023-06-18 00:36:32.425 [INFO ] RepositoryConfigurationDelegate    [restartedMain]  o.s.d.r.c.RepositoryConfigurationDelegate Finished Spring Data repository scanning in 53 ms. Found 6 JPA repository interfaces.
2023-06-18 00:36:32.425 [INFO ] RepositoryConfigurationDelegate    [restartedMain]  o.s.d.r.c.RepositoryConfigurationDelegate Multiple Spring Data modules found, entering strict repository configuration mode
2023-06-18 00:36:32.425 [INFO ] RepositoryConfigurationDelegate    [restartedMain]  o.s.d.r.c.RepositoryConfigurationDelegate Bootstrapping Spring Data Redis repositories in DEFAULT mode.
2023-06-18 00:36:32.440 [INFO ] RepositoryConfigurationExtensionSupport    [restartedMain]  o.s.d.r.c.RepositoryConfigurationExtensionSupport Spring Data Redis - Could not safely identify store assignment for repository candidate interface com.eca.usermgmt.repository.OwnerRepository; If you want this repository to be a Redis repository, consider annotating your entities with one of these annotations: org.springframework.data.redis.core.RedisHash (preferred), or consider extending one of the following types with your repository: org.springframework.data.keyvalue.repository.KeyValueRepository
2023-06-18 00:36:32.440 [INFO ] RepositoryConfigurationExtensionSupport    [restartedMain]  o.s.d.r.c.RepositoryConfigurationExtensionSupport Spring Data Redis - Could not safely identify store assignment for repository candidate interface com.eca.usermgmt.repository.PermissionRepository; If you want this repository to be a Redis repository, consider annotating your entities with one of these annotations: org.springframework.data.redis.core.RedisHash (preferred), or consider extending one of the following types with your repository: org.springframework.data.keyvalue.repository.KeyValueRepository
2023-06-18 00:36:32.440 [INFO ] RepositoryConfigurationExtensionSupport    [restartedMain]  o.s.d.r.c.RepositoryConfigurationExtensionSupport Spring Data Redis - Could not safely identify store assignment for repository candidate interface com.eca.usermgmt.repository.RoleRepository; If you want this repository to be a Redis repository, consider annotating your entities with one of these annotations: org.springframework.data.redis.core.RedisHash (preferred), or consider extending one of the following types with your repository: org.springframework.data.keyvalue.repository.KeyValueRepository
2023-06-18 00:36:32.440 [INFO ] RepositoryConfigurationExtensionSupport    [restartedMain]  o.s.d.r.c.RepositoryConfigurationExtensionSupport Spring Data Redis - Could not safely identify store assignment for repository candidate interface com.eca.usermgmt.repository.TenantsRepository; If you want this repository to be a Redis repository, consider annotating your entities with one of these annotations: org.springframework.data.redis.core.RedisHash (preferred), or consider extending one of the following types with your repository: org.springframework.data.keyvalue.repository.KeyValueRepository
2023-06-18 00:36:32.440 [INFO ] RepositoryConfigurationExtensionSupport    [restartedMain]  o.s.d.r.c.RepositoryConfigurationExtensionSupport Spring Data Redis - Could not safely identify store assignment for repository candidate interface com.eca.usermgmt.repository.UserRepository; If you want this repository to be a Redis repository, consider annotating your entities with one of these annotations: org.springframework.data.redis.core.RedisHash (preferred), or consider extending one of the following types with your repository: org.springframework.data.keyvalue.repository.KeyValueRepository
2023-06-18 00:36:32.440 [INFO ] RepositoryConfigurationExtensionSupport    [restartedMain]  o.s.d.r.c.RepositoryConfigurationExtensionSupport Spring Data Redis - Could not safely identify store assignment for repository candidate interface com.eca.usermgmt.repository.VendorRepository; If you want this repository to be a Redis repository, consider annotating your entities with one of these annotations: org.springframework.data.redis.core.RedisHash (preferred), or consider extending one of the following types with your repository: org.springframework.data.keyvalue.repository.KeyValueRepository
2023-06-18 00:36:32.440 [INFO ] RepositoryConfigurationDelegate    [restartedMain]  o.s.d.r.c.RepositoryConfigurationDelegate Finished Spring Data repository scanning in 8 ms. Found 0 Redis repository interfaces.
2023-06-18 00:36:32.617 [INFO ] GenericScope    [restartedMain]  o.s.c.c.s.GenericScope BeanFactory id=bf4491f3-c2d4-34ca-b434-c17efa01f38e
2023-06-18 00:36:32.708 [INFO ] PostProcessorRegistrationDelegate$BeanPostProcessorChecker    [restartedMain]  o.s.c.s.PostProcessorRegistrationDelegate$BeanPostProcessorChecker Bean 'methodSecurityConfiguration' of type [com.eca.usermgmt.config.MethodSecurityConfiguration$$EnhancerBySpringCGLIB$$6e8af9f3] is not eligible for getting processed by all BeanPostProcessors (for example: not eligible for auto-proxying)
2023-06-18 00:36:32.724 [INFO ] PostProcessorRegistrationDelegate$BeanPostProcessorChecker    [restartedMain]  o.s.c.s.PostProcessorRegistrationDelegate$BeanPostProcessorChecker Bean 'customPermissionEvaluator' of type [com.eca.usermgmt.permission.CustomPermissionEvaluator] is not eligible for getting processed by all BeanPostProcessors (for example: not eligible for auto-proxying)
2023-06-18 00:36:32.924 [INFO ] TomcatWebServer    [restartedMain]  o.s.b.w.e.t.TomcatWebServer Tomcat initialized with port(s): 6090 (http)
2023-06-18 00:36:32.924 [INFO ] StandardService    [restartedMain]  o.a.c.c.StandardService Starting service [Tomcat]
2023-06-18 00:36:32.924 [INFO ] StandardEngine    [restartedMain]  o.a.c.c.StandardEngine Starting Servlet engine: [Apache Tomcat/9.0.74]
2023-06-18 00:36:32.987 [INFO ] [/]    [restartedMain]  o.a.c.c.C.[.[.[/] Initializing Spring embedded WebApplicationContext
2023-06-18 00:36:32.987 [INFO ] ServletWebServerApplicationContext    [restartedMain]  o.s.b.w.s.c.ServletWebServerApplicationContext Root WebApplicationContext: initialization completed in 1165 ms
2023-06-18 00:36:33.176 [INFO ] HikariDataSource    [restartedMain]  c.z.h.HikariDataSource HikariPool-4 - Starting...
2023-06-18 00:36:33.176 [INFO ] HikariDataSource    [restartedMain]  c.z.h.HikariDataSource HikariPool-4 - Start completed.
2023-06-18 00:36:33.176 [INFO ] H2ConsoleAutoConfiguration    [restartedMain]  o.s.b.a.h.H2ConsoleAutoConfiguration H2 console available at '/h2-console'. Database available at 'jdbc:h2:mem:ecausermgmt'
2023-06-18 00:36:33.538 [WARN ] ZipkinAutoConfiguration    [pool-14-thread-1]  o.s.c.s.a.z.ZipkinAutoConfiguration Check result of the [RestTemplateSender{http://localhost:9411/api/v2/spans}] contains an error [CheckResult{ok=false, error=org.springframework.web.client.ResourceAccessException: I/O error on POST request for "http://localhost:9411/api/v2/spans": Connection refused: connect; nested exception is java.net.ConnectException: Connection refused: connect}]
2023-06-18 00:36:34.198 [INFO ] LogHelper    [restartedMain]  o.h.j.i.u.LogHelper HHH000204: Processing PersistenceUnitInfo [name: default]
2023-06-18 00:36:34.198 [INFO ] Dialect    [restartedMain]  o.h.d.Dialect HHH000400: Using dialect: org.hibernate.dialect.H2Dialect
2023-06-18 00:36:34.359 [INFO ] JtaPlatformInitiator    [restartedMain]  o.h.e.t.j.p.i.JtaPlatformInitiator HHH000490: Using JtaPlatform implementation: [org.hibernate.engine.transaction.jta.platform.internal.NoJtaPlatform]
2023-06-18 00:36:35.083 [WARN ] JpaBaseConfiguration$JpaWebConfiguration    [restartedMain]  o.s.b.a.o.j.JpaBaseConfiguration$JpaWebConfiguration spring.jpa.open-in-view is enabled by default. Therefore, database queries may be performed during view rendering. Explicitly configure spring.jpa.open-in-view to disable this warning
2023-06-18 00:36:35.146 [INFO ] OptionalLiveReloadServer    [restartedMain]  o.s.b.d.a.OptionalLiveReloadServer LiveReload server is running on port 35729
2023-06-18 00:36:35.398 [INFO ] DefaultSecurityFilterChain    [restartedMain]  o.s.s.w.DefaultSecurityFilterChain Will secure any request with [org.springframework.security.web.session.DisableEncodeUrlFilter@2efa1cd2, org.springframework.security.web.context.request.async.WebAsyncManagerIntegrationFilter@682d8fbe, org.springframework.security.web.context.SecurityContextPersistenceFilter@6a1c03b5, org.springframework.security.web.header.HeaderWriterFilter@6abf9888, org.springframework.security.web.authentication.logout.LogoutFilter@145de952, com.eca.usermgmt.filter.RequestTokenFilter@1c99a6ae, org.springframework.security.web.savedrequest.RequestCacheAwareFilter@2d57bdec, org.springframework.security.web.servletapi.SecurityContextHolderAwareRequestFilter@4864db18, org.springframework.security.web.authentication.AnonymousAuthenticationFilter@758fef95, org.springframework.security.web.session.SessionManagementFilter@3ab256a0, org.springframework.security.web.access.ExceptionTranslationFilter@160b23ca, org.springframework.security.web.access.intercept.FilterSecurityInterceptor@1b81ae6c]
2023-06-18 00:36:35.413 [WARN ] WebSecurity    [restartedMain]  o.s.s.c.a.w.b.WebSecurity You are asking Spring Security to ignore Ant [pattern='/swagger-ui/**']. This is not recommended -- please use permitAll via HttpSecurity#authorizeHttpRequests instead.
2023-06-18 00:36:35.413 [INFO ] DefaultSecurityFilterChain    [restartedMain]  o.s.s.w.DefaultSecurityFilterChain Will not secure Ant [pattern='/swagger-ui/**']
2023-06-18 00:36:35.413 [WARN ] WebSecurity    [restartedMain]  o.s.s.c.a.w.b.WebSecurity You are asking Spring Security to ignore Ant [pattern='/swagger-ui.html/**']. This is not recommended -- please use permitAll via HttpSecurity#authorizeHttpRequests instead.
2023-06-18 00:36:35.413 [INFO ] DefaultSecurityFilterChain    [restartedMain]  o.s.s.w.DefaultSecurityFilterChain Will not secure Ant [pattern='/swagger-ui.html/**']
2023-06-18 00:36:35.413 [WARN ] WebSecurity    [restartedMain]  o.s.s.c.a.w.b.WebSecurity You are asking Spring Security to ignore Ant [pattern='/webjars/**']. This is not recommended -- please use permitAll via HttpSecurity#authorizeHttpRequests instead.
2023-06-18 00:36:35.413 [INFO ] DefaultSecurityFilterChain    [restartedMain]  o.s.s.w.DefaultSecurityFilterChain Will not secure Ant [pattern='/webjars/**']
2023-06-18 00:36:35.413 [WARN ] WebSecurity    [restartedMain]  o.s.s.c.a.w.b.WebSecurity You are asking Spring Security to ignore Ant [pattern='/swagger-resources/**']. This is not recommended -- please use permitAll via HttpSecurity#authorizeHttpRequests instead.
2023-06-18 00:36:35.413 [INFO ] DefaultSecurityFilterChain    [restartedMain]  o.s.s.w.DefaultSecurityFilterChain Will not secure Ant [pattern='/swagger-resources/**']
2023-06-18 00:36:35.413 [WARN ] WebSecurity    [restartedMain]  o.s.s.c.a.w.b.WebSecurity You are asking Spring Security to ignore Ant [pattern='/v2/api-docs/**']. This is not recommended -- please use permitAll via HttpSecurity#authorizeHttpRequests instead.
2023-06-18 00:36:35.413 [INFO ] DefaultSecurityFilterChain    [restartedMain]  o.s.s.w.DefaultSecurityFilterChain Will not secure Ant [pattern='/v2/api-docs/**']
2023-06-18 00:36:35.413 [WARN ] WebSecurity    [restartedMain]  o.s.s.c.a.w.b.WebSecurity You are asking Spring Security to ignore Ant [pattern='/swagger-resources/configuration/ui/**']. This is not recommended -- please use permitAll via HttpSecurity#authorizeHttpRequests instead.
2023-06-18 00:36:35.413 [INFO ] DefaultSecurityFilterChain    [restartedMain]  o.s.s.w.DefaultSecurityFilterChain Will not secure Ant [pattern='/swagger-resources/configuration/ui/**']
2023-06-18 00:36:35.413 [WARN ] WebSecurity    [restartedMain]  o.s.s.c.a.w.b.WebSecurity You are asking Spring Security to ignore Ant [pattern='/swagger-resources/configuration/security/**']. This is not recommended -- please use permitAll via HttpSecurity#authorizeHttpRequests instead.
2023-06-18 00:36:35.413 [INFO ] DefaultSecurityFilterChain    [restartedMain]  o.s.s.w.DefaultSecurityFilterChain Will not secure Ant [pattern='/swagger-resources/configuration/security/**']
2023-06-18 00:36:35.413 [WARN ] WebSecurity    [restartedMain]  o.s.s.c.a.w.b.WebSecurity You are asking Spring Security to ignore Ant [pattern='/images/**']. This is not recommended -- please use permitAll via HttpSecurity#authorizeHttpRequests instead.
2023-06-18 00:36:35.413 [INFO ] DefaultSecurityFilterChain    [restartedMain]  o.s.s.w.DefaultSecurityFilterChain Will not secure Ant [pattern='/images/**']
2023-06-18 00:36:35.413 [WARN ] WebSecurity    [restartedMain]  o.s.s.c.a.w.b.WebSecurity You are asking Spring Security to ignore Ant [pattern='/h2-console/**']. This is not recommended -- please use permitAll via HttpSecurity#authorizeHttpRequests instead.
2023-06-18 00:36:35.413 [INFO ] DefaultSecurityFilterChain    [restartedMain]  o.s.s.w.DefaultSecurityFilterChain Will not secure Ant [pattern='/h2-console/**']
2023-06-18 00:36:35.429 [WARN ] AnnotationConfigServletWebServerApplicationContext    [restartedMain]  o.s.b.w.s.c.AnnotationConfigServletWebServerApplicationContext Exception encountered during context initialization - cancelling refresh attempt: org.springframework.beans.factory.UnsatisfiedDependencyException: Error creating bean with name 'commandLineRunner' defined in com.eca.usermgmt.EcaUserManagementApplication: Unsatisfied dependency expressed through method 'commandLineRunner' parameter 1; nested exception is org.springframework.beans.factory.NoSuchBeanDefinitionException: No qualifying bean of type 'com.eca.usermgmt.repository.UserRepository' available: expected at least 1 bean which qualifies as autowire candidate. Dependency annotations: {@org.springframework.beans.factory.annotation.Autowired(required=true)}
2023-06-18 00:36:35.429 [INFO ] SchemaDropperImpl$DelayedDropActionImpl    [restartedMain]  o.h.t.s.i.SchemaDropperImpl$DelayedDropActionImpl HHH000477: Starting delayed evictData of schema as part of SessionFactory shut-down'
2023-06-18 00:36:35.649 [WARN ] DisposableBeanAdapter    [restartedMain]  o.s.b.f.s.DisposableBeanAdapter Invocation of destroy method failed on bean with name 'inMemoryDatabaseShutdownExecutor': org.h2.jdbc.JdbcSQLNonTransientConnectionException: Database is already closed (to disable automatic closing at VM shutdown, add ";DB_CLOSE_ON_EXIT=FALSE" to the db URL) [90121-214]
2023-06-18 00:36:36.649 [WARN ] AsyncReporter$BoundedAsyncReporter    [restartedMain]  z.r.AsyncReporter$BoundedAsyncReporter Timed out waiting for in-flight spans to send
2023-06-18 00:36:36.649 [INFO ] HikariDataSource    [restartedMain]  c.z.h.HikariDataSource HikariPool-4 - Shutdown initiated...
2023-06-18 00:36:36.661 [INFO ] HikariDataSource    [restartedMain]  c.z.h.HikariDataSource HikariPool-4 - Shutdown completed.
2023-06-18 00:36:36.661 [INFO ] StandardService    [restartedMain]  o.a.c.c.StandardService Stopping service [Tomcat]
2023-06-18 00:36:36.665 [INFO ] ConditionEvaluationReportLoggingListener    [restartedMain]  o.s.b.a.l.ConditionEvaluationReportLoggingListener 

Error starting ApplicationContext. To display the conditions report re-run your application with 'debug' enabled.
2023-06-18 00:36:36.680 [ERROR] LoggingFailureAnalysisReporter    [restartedMain]  o.s.b.d.LoggingFailureAnalysisReporter 

***************************
APPLICATION FAILED TO START
***************************

Description:

Parameter 1 of method commandLineRunner in com.eca.usermgmt.EcaUserManagementApplication required a bean of type 'com.eca.usermgmt.repository.UserRepository' that could not be found.

The injection point has the following annotations:
	- @org.springframework.beans.factory.annotation.Autowired(required=true)


Action:

Consider defining a bean of type 'com.eca.usermgmt.repository.UserRepository' in your configuration.

